Using pre-set license
Built from '2021.2/staging' branch; Version is '2021.2.12f1 (48b1aa000234) revision 4764074'; Using compiler version '192829333'; Build Type 'Release'
OS: 'Windows 10  (10.0.19044) 64bit Core' Language: 'en' Physical Memory: 7600 MB
BatchMode: 1, IsHumanControllingUs: 0, StartBugReporterOnCrash: 0, Is64bit: 1, IsPro: 0

COMMAND LINE ARGUMENTS:
C:\Program Files\Unity\Hub\Editor\2021.2.12f1\Editor\Unity.exe
-adb2
-batchMode
-noUpm
-name
AssetImportWorker2
-projectPath
C:/Users/rclar/OneDrive/ARCHIVE/Documents/fantasticalGame2.0/RebeccaSophie (1)
-logFile
Logs/AssetImportWorker2.log
-srvPort
54500
Successfully changed project path to: C:/Users/rclar/OneDrive/ARCHIVE/Documents/fantasticalGame2.0/RebeccaSophie (1)
C:/Users/rclar/OneDrive/ARCHIVE/Documents/fantasticalGame2.0/RebeccaSophie (1)
[UnityMemory] Configuration Parameters - Can be set up in boot.config
    "memorysetup-bucket-allocator-granularity=16"
    "memorysetup-bucket-allocator-bucket-count=8"
    "memorysetup-bucket-allocator-block-size=33554432"
    "memorysetup-bucket-allocator-block-count=8"
    "memorysetup-main-allocator-block-size=16777216"
    "memorysetup-thread-allocator-block-size=16777216"
    "memorysetup-gfx-main-allocator-block-size=16777216"
    "memorysetup-gfx-thread-allocator-block-size=16777216"
    "memorysetup-cache-allocator-block-size=4194304"
    "memorysetup-typetree-allocator-block-size=2097152"
    "memorysetup-profiler-bucket-allocator-granularity=16"
    "memorysetup-profiler-bucket-allocator-bucket-count=8"
    "memorysetup-profiler-bucket-allocator-block-size=33554432"
    "memorysetup-profiler-bucket-allocator-block-count=8"
    "memorysetup-profiler-allocator-block-size=16777216"
    "memorysetup-profiler-editor-allocator-block-size=1048576"
    "memorysetup-temp-allocator-size-main=16777216"
    "memorysetup-job-temp-allocator-block-size=2097152"
    "memorysetup-job-temp-allocator-block-size-background=1048576"
    "memorysetup-job-temp-allocator-reduction-small-platforms=262144"
    "memorysetup-temp-allocator-size-background-worker=32768"
    "memorysetup-temp-allocator-size-job-worker=262144"
    "memorysetup-temp-allocator-size-preload-manager=33554432"
    "memorysetup-temp-allocator-size-nav-mesh-worker=65536"
    "memorysetup-temp-allocator-size-audio-worker=65536"
    "memorysetup-temp-allocator-size-cloud-worker=32768"
    "memorysetup-temp-allocator-size-gi-baking-worker=262144"
    "memorysetup-temp-allocator-size-gfx=262144"
Refreshing native plugins compatible for Editor in 91.39 ms, found 3 plugins.
Preloading 0 native plugins for Editor in 0.00 ms.
Initialize engine version: 2021.2.12f1 (48b1aa000234)
[Subsystems] Discovering subsystems at path C:/Program Files/Unity/Hub/Editor/2021.2.12f1/Editor/Data/Resources/UnitySubsystems
[Subsystems] Discovering subsystems at path C:/Users/rclar/OneDrive/ARCHIVE/Documents/fantasticalGame2.0/RebeccaSophie (1)/Assets
GfxDevice: creating device client; threaded=0; jobified=0
Direct3D:
    Version:  Direct3D 11.0 [level 11.1]
    Renderer: AMD Radeon(TM) Graphics (ID=0x1636)
    Vendor:   ATI
    VRAM:     3800 MB
    Driver:   27.20.14044.3004
Initialize mono
Mono path[0] = 'C:/Program Files/Unity/Hub/Editor/2021.2.12f1/Editor/Data/Managed'
Mono path[1] = 'C:/Program Files/Unity/Hub/Editor/2021.2.12f1/Editor/Data/MonoBleedingEdge/lib/mono/unityjit-win32'
Mono config path = 'C:/Program Files/Unity/Hub/Editor/2021.2.12f1/Editor/Data/MonoBleedingEdge/etc'
Using monoOptions --debugger-agent=transport=dt_socket,embedding=1,server=y,suspend=n,address=127.0.0.1:56216
Begin MonoManager ReloadAssembly
Registering precompiled unity dll's ...
Register platform support module: C:/Program Files/Unity/Hub/Editor/2021.2.12f1/Editor/Data/PlaybackEngines/WindowsStandaloneSupport/UnityEditor.WindowsStandalone.Extensions.dll
Registered in 0.011775 seconds.
Native extension for WindowsStandalone target not found
Refreshing native plugins compatible for Editor in 141.60 ms, found 3 plugins.
Preloading 0 native plugins for Editor in 0.00 ms.
Mono: successfully reloaded assembly
- Completed reload, in  0.748 seconds
Domain Reload Profiling:
	ReloadAssembly (749ms)
		BeginReloadAssembly (88ms)
			ExecutionOrderSort (0ms)
			DisableScriptedObjects (0ms)
			BackupInstance (0ms)
			ReleaseScriptingObjects (0ms)
			CreateAndSetChildDomain (1ms)
		EndReloadAssembly (539ms)
			LoadAssemblies (84ms)
			RebuildTransferFunctionScriptingTraits (0ms)
			SetupTypeCache (114ms)
			ReleaseScriptCaches (0ms)
			RebuildScriptCaches (30ms)
			SetupLoadedEditorAssemblies (337ms)
				LogAssemblyErrors (0ms)
				InitializePlatformSupportModulesInManaged (11ms)
				SetLoadedEditorAssemblies (0ms)
				RefreshPlugins (142ms)
				BeforeProcessingInitializeOnLoad (1ms)
				ProcessInitializeOnLoadAttributes (141ms)
				ProcessInitializeOnLoadMethodAttributes (42ms)
				AfterProcessingInitializeOnLoad (0ms)
				EditorAssembliesLoaded (0ms)
			ExecutionOrderSort2 (0ms)
			AwakeInstancesAfterBackupRestoration (0ms)
Platform modules already initialized, skipping
Registering precompiled user dll's ...
Registered in 0.008857 seconds.
Begin MonoManager ReloadAssembly
Symbol file LoadedFromMemory doesn't match image C:\Users\rclar\OneDrive\ARCHIVE\Documents\fantasticalGame2.0\RebeccaSophie (1)\Library\PackageCache\com.unity.visualscripting@1.7.6\Editor\VisualScripting.Core\Dependencies\YamlDotNet\Unity.VisualScripting.YamlDotNet.dll
Symbol file LoadedFromMemory doesn't match image C:\Users\rclar\OneDrive\ARCHIVE\Documents\fantasticalGame2.0\RebeccaSophie (1)\Library\PackageCache\com.unity.visualscripting@1.7.6\Editor\VisualScripting.Core\Dependencies\DotNetZip\Unity.VisualScripting.IonicZip.dll
Native extension for WindowsStandalone target not found
Refreshing native plugins compatible for Editor in 89.74 ms, found 3 plugins.
Preloading 0 native plugins for Editor in 0.00 ms.
Mono: successfully reloaded assembly
- Completed reload, in  1.383 seconds
Domain Reload Profiling:
	ReloadAssembly (1384ms)
		BeginReloadAssembly (125ms)
			ExecutionOrderSort (0ms)
			DisableScriptedObjects (6ms)
			BackupInstance (0ms)
			ReleaseScriptingObjects (0ms)
			CreateAndSetChildDomain (20ms)
		EndReloadAssembly (1126ms)
			LoadAssemblies (106ms)
			RebuildTransferFunctionScriptingTraits (0ms)
			SetupTypeCache (318ms)
			ReleaseScriptCaches (1ms)
			RebuildScriptCaches (58ms)
			SetupLoadedEditorAssemblies (604ms)
				LogAssemblyErrors (0ms)
				InitializePlatformSupportModulesInManaged (6ms)
				SetLoadedEditorAssemblies (0ms)
				RefreshPlugins (90ms)
				BeforeProcessingInitializeOnLoad (105ms)
				ProcessInitializeOnLoadAttributes (362ms)
				ProcessInitializeOnLoadMethodAttributes (28ms)
				AfterProcessingInitializeOnLoad (12ms)
				EditorAssembliesLoaded (0ms)
			ExecutionOrderSort2 (0ms)
			AwakeInstancesAfterBackupRestoration (6ms)
Platform modules already initialized, skipping
========================================================================
Worker process is ready to serve import requests
Launched and connected shader compiler UnityShaderCompiler.exe after 0.12 seconds
Refreshing native plugins compatible for Editor in 0.70 ms, found 3 plugins.
Preloading 0 native plugins for Editor in 0.00 ms.
Unloading 3730 Unused Serialized files (Serialized files now loaded: 0)
Unloading 38 unused Assets / (129.2 KB). Loaded Objects now: 4204.
Memory consumption went from 147.2 MB to 147.1 MB.
Total: 4.259600 ms (FindLiveObjects: 0.358800 ms CreateObjectMapping: 0.111900 ms MarkObjects: 3.595000 ms  DeleteObjects: 0.191700 ms)

AssetImportParameters requested are different than current active one (requested -> active):
  custom:video-decoder-ogg-theora: a1e56fd34408186e4bbccfd4996cb3dc -> 
  custom:container-muxer-webm: aa71ff27fc2769a1b78a27578f13a17b -> 
  custom:container-demuxer-webm: 4f35f7cbe854078d1ac9338744f61a02 -> 
  custom:video-encoder-webm-vp8: eb34c28f22e8b96e1ab97ce403110664 -> 
  custom:video-codec-MediaFoundation-h265: 746d11721c4dcdbdad8f713fa42b33f4 -> 
  custom:audio-encoder-webm-vorbis: bf7c407c2cedff20999df2af8eb42d56 -> 
  custom:framework-win-MediaFoundation: 216162199b28c13a410421893ffa2e32 -> 
  custom:container-demuxer-ogg: 62fdf1f143b41e24485cea50d1cbac27 -> 
  custom:video-decoder-webm-vp8: 9c59270c3fd7afecdb556c50c9e8de78 -> 
  custom:audio-decoder-ogg-vorbis: bf7c407c2cedff20999df2af8eb42d56 -> 
========================================================================
Received Import Request.
  Time since last request: 292409.227391 seconds.
  path: Assets/New Terrain.asset
  artifactKey: Guid(1a06e0bc1189ba04ba8bf96ee61e9926) Importer(815301076,1909f56bfc062723c751e8b465ee728b)
Start importing Assets/New Terrain.asset using Guid(1a06e0bc1189ba04ba8bf96ee61e9926) Importer(815301076,1909f56bfc062723c751e8b465ee728b)  -> (artifact id: '56177c5858351ac91526615f9c02c078') in 0.065280 seconds 
========================================================================
Received Import Request.
  Time since last request: 213.394061 seconds.
  path: Assets/New Terrain.asset
  artifactKey: Guid(1a06e0bc1189ba04ba8bf96ee61e9926) Importer(2089858483,934ff659095e30574adcf32a4c2f97b5)
Start importing Assets/New Terrain.asset using Guid(1a06e0bc1189ba04ba8bf96ee61e9926) Importer(2089858483,934ff659095e30574adcf32a4c2f97b5) Generated GUIDs only implemented for interfaces!
 -> (artifact id: 'f4f7a96e252632c25fe189a2ad51de6b') in 0.094844 seconds 
========================================================================
Received Import Request.
  Time since last request: 0.000040 seconds.
  path: Assets/Acorn Bringer Assets/Simplistic Low Poly Nature/Textures/Simplistic_Nature_Texture.png
  artifactKey: Guid(9719edb8f714d894ba73fd10fd4ab243) Importer(2089858483,934ff659095e30574adcf32a4c2f97b5)
Start importing Assets/Acorn Bringer Assets/Simplistic Low Poly Nature/Textures/Simplistic_Nature_Texture.png using Guid(9719edb8f714d894ba73fd10fd4ab243) Importer(2089858483,934ff659095e30574adcf32a4c2f97b5) Generated GUIDs only implemented for interfaces!
 -> (artifact id: '93e344def443be88f733c79906dc4208') in 0.037718 seconds 
========================================================================
Received Import Request.
  Time since last request: 0.000057 seconds.
  path: Assets/StarterAssets/Readme.asset
  artifactKey: Guid(4181bfe715a83e843b7538d750dc57cc) Importer(2089858483,934ff659095e30574adcf32a4c2f97b5)
Start importing Assets/StarterAssets/Readme.asset using Guid(4181bfe715a83e843b7538d750dc57cc) Importer(2089858483,934ff659095e30574adcf32a4c2f97b5) Generated GUIDs only implemented for interfaces!
 -> (artifact id: 'b2f6c30638ecfbd50aded4fca85f7d68') in 0.020249 seconds 
========================================================================
Received Import Request.
  Time since last request: 0.000085 seconds.
  path: Assets/StarterAssets/Environment/Prefabs/Box_100x100x100_Prefab.prefab
  artifactKey: Guid(e5f4daf24146ee040b5a2d7a73b30aa0) Importer(2089858483,934ff659095e30574adcf32a4c2f97b5)
Start importing Assets/StarterAssets/Environment/Prefabs/Box_100x100x100_Prefab.prefab using Guid(e5f4daf24146ee040b5a2d7a73b30aa0) Importer(2089858483,934ff659095e30574adcf32a4c2f97b5) Generated GUIDs only implemented for interfaces!
 -> (artifact id: 'a787dbf1758d6a4fbb416a2ff212199f') in 0.039537 seconds 
========================================================================
Received Import Request.
  Time since last request: 0.000029 seconds.
  path: Assets/StarterAssets/TutorialInfo/Icons/ReadMeImg.PNG
  artifactKey: Guid(44a17a5b205fcd349a24700e6f5615bd) Importer(2089858483,934ff659095e30574adcf32a4c2f97b5)
Start importing Assets/StarterAssets/TutorialInfo/Icons/ReadMeImg.PNG using Guid(44a17a5b205fcd349a24700e6f5615bd) Importer(2089858483,934ff659095e30574adcf32a4c2f97b5) Generated GUIDs only implemented for interfaces!
 -> (artifact id: 'f15b5cdfe4ed15d12a5ccf0fb545c059') in 0.033022 seconds 
========================================================================
Received Import Request.
  Time since last request: 0.000102 seconds.
  path: Assets/GrassFlowers/Textures/GrassFlowers/grassFlower10.tga
  artifactKey: Guid(dcefc591c195a9f468e9157baa03eb4f) Importer(2089858483,934ff659095e30574adcf32a4c2f97b5)
Start importing Assets/GrassFlowers/Textures/GrassFlowers/grassFlower10.tga using Guid(dcefc591c195a9f468e9157baa03eb4f) Importer(2089858483,934ff659095e30574adcf32a4c2f97b5) Generated GUIDs only implemented for interfaces!
 -> (artifact id: 'ea2db6f41368568b3a7795ad38d02fcd') in 0.065183 seconds 
========================================================================
Received Import Request.
  Time since last request: 0.000032 seconds.
  path: Assets/Acorn Bringer Assets/Simplistic Low Poly Nature/Prefabs/SNature_Mushroom.prefab
  artifactKey: Guid(c72f3f8a9daab2442b7dd148c087d333) Importer(2089858483,934ff659095e30574adcf32a4c2f97b5)
Start importing Assets/Acorn Bringer Assets/Simplistic Low Poly Nature/Prefabs/SNature_Mushroom.prefab using Guid(c72f3f8a9daab2442b7dd148c087d333) Importer(2089858483,934ff659095e30574adcf32a4c2f97b5) Generated GUIDs only implemented for interfaces!
 -> (artifact id: '140cf0510c69d10dee1aa694149c2cf9') in 0.029753 seconds 
========================================================================
Received Import Request.
  Time since last request: 0.000040 seconds.
  path: Assets/Acorn Bringer Assets/Simplistic Low Poly Nature/Prefabs/SCharacter_Fish.prefab
  artifactKey: Guid(925bc3fd925fd0c4c80d7e83b67ba239) Importer(2089858483,934ff659095e30574adcf32a4c2f97b5)
Start importing Assets/Acorn Bringer Assets/Simplistic Low Poly Nature/Prefabs/SCharacter_Fish.prefab using Guid(925bc3fd925fd0c4c80d7e83b67ba239) Importer(2089858483,934ff659095e30574adcf32a4c2f97b5) Generated GUIDs only implemented for interfaces!
 -> (artifact id: 'a1f0c84410e8ba6427572f7e435982ae') in 0.028816 seconds 
========================================================================
Received Import Request.
  Time since last request: 0.000052 seconds.
  path: Assets/StarterAssets/Editor/ScriptingDefineUtils.cs
  artifactKey: Guid(19d5e2567c974ac6817cbc0ae63e638c) Importer(2089858483,934ff659095e30574adcf32a4c2f97b5)
Start importing Assets/StarterAssets/Editor/ScriptingDefineUtils.cs using Guid(19d5e2567c974ac6817cbc0ae63e638c) Importer(2089858483,934ff659095e30574adcf32a4c2f97b5) Generated GUIDs only implemented for interfaces!
 -> (artifact id: '5a8df29c0e5ee995c9c90942d6484533') in 0.020074 seconds 
========================================================================
Received Import Request.
  Time since last request: 0.000039 seconds.
  path: Assets/Acorn Bringer Assets/Simplistic Low Poly Nature/Prefabs/SNature_Rock1.prefab
  artifactKey: Guid(e86571f2f1251004b98a744302eca0b1) Importer(2089858483,934ff659095e30574adcf32a4c2f97b5)
Start importing Assets/Acorn Bringer Assets/Simplistic Low Poly Nature/Prefabs/SNature_Rock1.prefab using Guid(e86571f2f1251004b98a744302eca0b1) Importer(2089858483,934ff659095e30574adcf32a4c2f97b5) Generated GUIDs only implemented for interfaces!
 -> (artifact id: '2723de418a34743cf2706de0bd57f2cf') in 0.029073 seconds 
========================================================================
Received Import Request.
  Time since last request: 0.000031 seconds.
  path: Assets/StarterAssets/Environment/Art/Models/Wall_Mesh.fbx
  artifactKey: Guid(ff02a0a00ab750f48b09459b1cafd1b8) Importer(2089858483,934ff659095e30574adcf32a4c2f97b5)
Start importing Assets/StarterAssets/Environment/Art/Models/Wall_Mesh.fbx using Guid(ff02a0a00ab750f48b09459b1cafd1b8) Importer(2089858483,934ff659095e30574adcf32a4c2f97b5) Generated GUIDs only implemented for interfaces!
 -> (artifact id: 'b48d979cc40a61297842e296c0a17212') in 0.115918 seconds 
========================================================================
Received Import Request.
  Time since last request: 0.000028 seconds.
  path: Assets/World/Terrain 4.fbx
  artifactKey: Guid(dba94fd5a475ac547a08f138ac7d1162) Importer(2089858483,934ff659095e30574adcf32a4c2f97b5)
Start importing Assets/World/Terrain 4.fbx using Guid(dba94fd5a475ac547a08f138ac7d1162) Importer(2089858483,934ff659095e30574adcf32a4c2f97b5) Generated GUIDs only implemented for interfaces!
 -> (artifact id: '92ec785b00df280604ad1140e512bbd0') in 0.022384 seconds 
========================================================================
Received Import Request.
  Time since last request: 0.000044 seconds.
  path: Assets/StarterAssets/Environment/Art/Textures/Grid_01_Normal.png
  artifactKey: Guid(c5c221ed57a3bf6488f8eba0db28a004) Importer(2089858483,934ff659095e30574adcf32a4c2f97b5)
Start importing Assets/StarterAssets/Environment/Art/Textures/Grid_01_Normal.png using Guid(c5c221ed57a3bf6488f8eba0db28a004) Importer(2089858483,934ff659095e30574adcf32a4c2f97b5) Generated GUIDs only implemented for interfaces!
 -> (artifact id: '936ad1878b7b41591f10d66870a94629') in 0.034208 seconds 
========================================================================
Received Import Request.
  Time since last request: 0.000034 seconds.
  path: Assets/Acorn Bringer Assets/Simplistic Low Poly Nature/Prefabs/SNature_Grass.prefab
  artifactKey: Guid(065211b13cf2c0b45a7ad739ba6e8cc2) Importer(2089858483,934ff659095e30574adcf32a4c2f97b5)
Start importing Assets/Acorn Bringer Assets/Simplistic Low Poly Nature/Prefabs/SNature_Grass.prefab using Guid(065211b13cf2c0b45a7ad739ba6e8cc2) Importer(2089858483,934ff659095e30574adcf32a4c2f97b5) Generated GUIDs only implemented for interfaces!
 -> (artifact id: 'd9c10f0123d1793c738e7fe511e82f37') in 0.024885 seconds 
========================================================================
Received Import Request.
  Time since last request: 0.000028 seconds.
  path: Assets/StarterAssets/Environment/Art/Models/Ramp_Mesh.fbx
  artifactKey: Guid(426a2785f8a940049aac2c246661cf09) Importer(2089858483,934ff659095e30574adcf32a4c2f97b5)
Start importing Assets/StarterAssets/Environment/Art/Models/Ramp_Mesh.fbx using Guid(426a2785f8a940049aac2c246661cf09) Importer(2089858483,934ff659095e30574adcf32a4c2f97b5) Generated GUIDs only implemented for interfaces!
 -> (artifact id: '4c744abb9c62008c7bb4236fd868cf45') in 0.028733 seconds 
========================================================================
Received Import Request.
  Time since last request: 0.000027 seconds.
  path: Assets/StarterAssets/ThirdPersonController/Prefabs/PlayerCapsule.prefab
  artifactKey: Guid(2553cec8fdb3eb643bbe9f2ec880c472) Importer(2089858483,934ff659095e30574adcf32a4c2f97b5)
Start importing Assets/StarterAssets/ThirdPersonController/Prefabs/PlayerCapsule.prefab using Guid(2553cec8fdb3eb643bbe9f2ec880c472) Importer(2089858483,934ff659095e30574adcf32a4c2f97b5) Generated GUIDs only implemented for interfaces!
 -> (artifact id: '6fe71ea77fd8843e6b5cc2c0fc8b06b7') in 0.032637 seconds 
========================================================================
Received Import Request.
  Time since last request: 0.000044 seconds.
  path: Assets/Acorn Bringer Assets/Simplistic Low Poly Nature/Prefabs/SNature_SmallRocks.prefab
  artifactKey: Guid(8bf68561aec61914b8418e72b44a57dd) Importer(2089858483,934ff659095e30574adcf32a4c2f97b5)
Start importing Assets/Acorn Bringer Assets/Simplistic Low Poly Nature/Prefabs/SNature_SmallRocks.prefab using Guid(8bf68561aec61914b8418e72b44a57dd) Importer(2089858483,934ff659095e30574adcf32a4c2f97b5) Generated GUIDs only implemented for interfaces!
 -> (artifact id: '7fdd5e4153a8866fb0690b104282dc23') in 0.028318 seconds 
========================================================================
Received Import Request.
  Time since last request: 0.000034 seconds.
  path: Assets/StarterAssets/TutorialInfo/Scripts/Readme.cs
  artifactKey: Guid(fcf7219bab7fe46a1ad266029b2fee19) Importer(2089858483,934ff659095e30574adcf32a4c2f97b5)
Start importing Assets/StarterAssets/TutorialInfo/Scripts/Readme.cs using Guid(fcf7219bab7fe46a1ad266029b2fee19) Importer(2089858483,934ff659095e30574adcf32a4c2f97b5) Generated GUIDs only implemented for interfaces!
 -> (artifact id: 'e797e3ed830e0cc3a6abbd548e685fa3') in 0.016863 seconds 
========================================================================
Received Import Request.
  Time since last request: 0.000039 seconds.
  path: Assets/StarterAssets/Environment/RenderPipelineProfiles/StarterAssetsHDRPVolumeProfile.asset
  artifactKey: Guid(fe05288aca2f31443877a786e771100f) Importer(2089858483,934ff659095e30574adcf32a4c2f97b5)
Start importing Assets/StarterAssets/Environment/RenderPipelineProfiles/StarterAssetsHDRPVolumeProfile.asset using Guid(fe05288aca2f31443877a786e771100f) Importer(2089858483,934ff659095e30574adcf32a4c2f97b5) Generated GUIDs only implemented for interfaces!
 -> (artifact id: '46f538ec06df7f2fcb65a81aec2ce36e') in 0.027382 seconds 
========================================================================
Received Import Request.
  Time since last request: 0.000035 seconds.
  path: Assets/Acorn Bringer Assets/Simplistic Low Poly Nature/Prefabs/SNature_Moss.prefab
  artifactKey: Guid(7ec466256a501e14795a1a854764502d) Importer(2089858483,934ff659095e30574adcf32a4c2f97b5)
Start importing Assets/Acorn Bringer Assets/Simplistic Low Poly Nature/Prefabs/SNature_Moss.prefab using Guid(7ec466256a501e14795a1a854764502d) Importer(2089858483,934ff659095e30574adcf32a4c2f97b5) Generated GUIDs only implemented for interfaces!
 -> (artifact id: '9c9ab4aec9d50c742d46acedec0dd398') in 0.028488 seconds 
========================================================================
Received Import Request.
  Time since last request: 0.000035 seconds.
  path: Assets/StarterAssets/Mobile/Prefabs/CanvasInputs/UI_Canvas_StarterAssetsInputs_Joysticks.prefab
  artifactKey: Guid(2f7f3dde7ae722a4aafffe20691ad702) Importer(2089858483,934ff659095e30574adcf32a4c2f97b5)
Start importing Assets/StarterAssets/Mobile/Prefabs/CanvasInputs/UI_Canvas_StarterAssetsInputs_Joysticks.prefab using Guid(2f7f3dde7ae722a4aafffe20691ad702) Importer(2089858483,934ff659095e30574adcf32a4c2f97b5) Generated GUIDs only implemented for interfaces!
 -> (artifact id: '7440e24426dd61ba5bde95b1de4a46eb') in 0.096048 seconds 
========================================================================
Received Import Request.
  Time since last request: 0.000049 seconds.
  path: Assets/StarterAssets/Environment/Shaders/Built-in_RP/ArmatureShader.shader
  artifactKey: Guid(6d99c6e0a8f8bf44bb8bcb6e5a056d01) Importer(2089858483,934ff659095e30574adcf32a4c2f97b5)
Start importing Assets/StarterAssets/Environment/Shaders/Built-in_RP/ArmatureShader.shader using Guid(6d99c6e0a8f8bf44bb8bcb6e5a056d01) Importer(2089858483,934ff659095e30574adcf32a4c2f97b5) Generated GUIDs only implemented for interfaces!
 -> (artifact id: '4549bc2b124ec6adbe6a0f0c6b92d050') in 0.023959 seconds 
========================================================================
Received Import Request.
  Time since last request: 0.000045 seconds.
  path: Assets/Scripts/Object2Terrain.cs
  artifactKey: Guid(915f8fbdc3cc3ed499dc86ba7c33e906) Importer(2089858483,934ff659095e30574adcf32a4c2f97b5)
Start importing Assets/Scripts/Object2Terrain.cs using Guid(915f8fbdc3cc3ed499dc86ba7c33e906) Importer(2089858483,934ff659095e30574adcf32a4c2f97b5) Generated GUIDs only implemented for interfaces!
 -> (artifact id: 'ac6263a092c6810f977c6a23cc83995f') in 0.018417 seconds 
========================================================================
Received Import Request.
  Time since last request: 0.000130 seconds.
  path: Assets/StarterAssets/Environment/Art/Models/Tunnel_Mesh.fbx
  artifactKey: Guid(f712806514868e54699156ec05dcb749) Importer(2089858483,934ff659095e30574adcf32a4c2f97b5)
Start importing Assets/StarterAssets/Environment/Art/Models/Tunnel_Mesh.fbx using Guid(f712806514868e54699156ec05dcb749) Importer(2089858483,934ff659095e30574adcf32a4c2f97b5) Generated GUIDs only implemented for interfaces!
 -> (artifact id: '153957941902f96cce40e3e2f15a8990') in 0.021621 seconds 
========================================================================
Received Import Request.
  Time since last request: 0.000025 seconds.
  path: Assets/StarterAssets/InputSystem/StarterAssets.inputactions
  artifactKey: Guid(4419d82f33d36e848b3ed5af4c8da37e) Importer(2089858483,934ff659095e30574adcf32a4c2f97b5)
Start importing Assets/StarterAssets/InputSystem/StarterAssets.inputactions using Guid(4419d82f33d36e848b3ed5af4c8da37e) Importer(2089858483,934ff659095e30574adcf32a4c2f97b5) Generated GUIDs only implemented for interfaces!
 -> (artifact id: 'd87ab62a3cacaee5aff223155c4e797c') in 0.023681 seconds 
========================================================================
Received Import Request.
  Time since last request: 0.000029 seconds.
  path: Assets/Acorn Bringer Assets/Simplistic Low Poly Nature/Prefabs/SNature_MossRocks1.prefab
  artifactKey: Guid(55ffe20335c698d4fbf469301e953712) Importer(2089858483,934ff659095e30574adcf32a4c2f97b5)
Start importing Assets/Acorn Bringer Assets/Simplistic Low Poly Nature/Prefabs/SNature_MossRocks1.prefab using Guid(55ffe20335c698d4fbf469301e953712) Importer(2089858483,934ff659095e30574adcf32a4c2f97b5) Generated GUIDs only implemented for interfaces!
 -> (artifact id: 'd28229066bd62fc415b499568ba38ed0') in 0.029032 seconds 
========================================================================
Received Import Request.
  Time since last request: 0.000037 seconds.
  path: Assets/Acorn Bringer Assets/Simplistic Low Poly Nature/Prefabs/SNature_LiliBlossom.prefab
  artifactKey: Guid(e896a7f6f83380b40972e13f5039022a) Importer(2089858483,934ff659095e30574adcf32a4c2f97b5)
Start importing Assets/Acorn Bringer Assets/Simplistic Low Poly Nature/Prefabs/SNature_LiliBlossom.prefab using Guid(e896a7f6f83380b40972e13f5039022a) Importer(2089858483,934ff659095e30574adcf32a4c2f97b5) Generated GUIDs only implemented for interfaces!
 -> (artifact id: '129aec322865c8cbf10d1c9b0c47ee49') in 0.026785 seconds 
========================================================================
Received Import Request.
  Time since last request: 0.000046 seconds.
  path: Assets/StarterAssets/Environment/Prefabs/Structure_Prefab.prefab
  artifactKey: Guid(79e624e6a8770a946afb866fd94b394b) Importer(2089858483,934ff659095e30574adcf32a4c2f97b5)
Start importing Assets/StarterAssets/Environment/Prefabs/Structure_Prefab.prefab using Guid(79e624e6a8770a946afb866fd94b394b) Importer(2089858483,934ff659095e30574adcf32a4c2f97b5) Generated GUIDs only implemented for interfaces!
 -> (artifact id: '8a4fc08323bc340b368f695b297bf106') in 0.027307 seconds 
========================================================================
Received Import Request.
  Time since last request: 0.000036 seconds.
  path: Assets/World/Terrain 3.fbx
  artifactKey: Guid(ab9720ee15284ce4cbc482423c0fe5e5) Importer(2089858483,934ff659095e30574adcf32a4c2f97b5)
Start importing Assets/World/Terrain 3.fbx using Guid(ab9720ee15284ce4cbc482423c0fe5e5) Importer(2089858483,934ff659095e30574adcf32a4c2f97b5) Generated GUIDs only implemented for interfaces!
 -> (artifact id: '82f6e0b1eb4614ffcb5fdd37505dec80') in 0.019224 seconds 
========================================================================
Received Import Request.
  Time since last request: 0.000040 seconds.
  path: Assets/StarterAssets/Environment/Prefabs/Box_350x250x200_Prefab.prefab
  artifactKey: Guid(7b846d8f536f007498c941069487ce81) Importer(2089858483,934ff659095e30574adcf32a4c2f97b5)
Start importing Assets/StarterAssets/Environment/Prefabs/Box_350x250x200_Prefab.prefab using Guid(7b846d8f536f007498c941069487ce81) Importer(2089858483,934ff659095e30574adcf32a4c2f97b5) Generated GUIDs only implemented for interfaces!
 -> (artifact id: 'bcec384f38495bada4f3fdd3cdae7ba3') in 0.025400 seconds 
========================================================================
Received Import Request.
  Time since last request: 0.000273 seconds.
  path: Assets/StarterAssets/Environment/Art/Textures/Grid_02_BaseMap.png
  artifactKey: Guid(d9c0dd5cdac07b145be73329e489869a) Importer(2089858483,934ff659095e30574adcf32a4c2f97b5)
Start importing Assets/StarterAssets/Environment/Art/Textures/Grid_02_BaseMap.png using Guid(d9c0dd5cdac07b145be73329e489869a) Importer(2089858483,934ff659095e30574adcf32a4c2f97b5) Generated GUIDs only implemented for interfaces!
 -> (artifact id: 'b377295e9b58629fc6fbcb4bb34a4f96') in 0.028342 seconds 
========================================================================
Received Import Request.
  Time since last request: 0.000159 seconds.
  path: Assets/StarterAssets/ThirdPersonController/Character/Textures/Armature_Legs_Normal.tif
  artifactKey: Guid(b2c5d9c39850da946ae135dcb57faaea) Importer(2089858483,934ff659095e30574adcf32a4c2f97b5)
Start importing Assets/StarterAssets/ThirdPersonController/Character/Textures/Armature_Legs_Normal.tif using Guid(b2c5d9c39850da946ae135dcb57faaea) Importer(2089858483,934ff659095e30574adcf32a4c2f97b5) Generated GUIDs only implemented for interfaces!
 -> (artifact id: '973f644be9dadb681f1d3b6dda5823de') in 0.070010 seconds 
========================================================================
Received Import Request.
  Time since last request: 0.000031 seconds.
  path: Assets/StarterAssets/ThirdPersonController/Character/Textures/Armature_Body_Normal.tif
  artifactKey: Guid(2a3daea46c599324e873f935ab08000a) Importer(2089858483,934ff659095e30574adcf32a4c2f97b5)
Start importing Assets/StarterAssets/ThirdPersonController/Character/Textures/Armature_Body_Normal.tif using Guid(2a3daea46c599324e873f935ab08000a) Importer(2089858483,934ff659095e30574adcf32a4c2f97b5) Generated GUIDs only implemented for interfaces!
 -> (artifact id: '37820f5e5b4a7b8b0a2e1b60d1c1cb90') in 0.047960 seconds 
========================================================================
Received Import Request.
  Time since last request: 0.000039 seconds.
  path: Assets/StarterAssets/ThirdPersonController/Character/Textures/Armature_Legs_RGB.tif
  artifactKey: Guid(64d6bedfd9838e14fb51c78c8e947042) Importer(2089858483,934ff659095e30574adcf32a4c2f97b5)
Start importing Assets/StarterAssets/ThirdPersonController/Character/Textures/Armature_Legs_RGB.tif using Guid(64d6bedfd9838e14fb51c78c8e947042) Importer(2089858483,934ff659095e30574adcf32a4c2f97b5) Generated GUIDs only implemented for interfaces!
 -> (artifact id: '95c6060fecf53b83948eed3a957c61a4') in 0.044097 seconds 
========================================================================
Received Import Request.
  Time since last request: 0.000076 seconds.
  path: Assets/StarterAssets/ThirdPersonController/Character/Animations/StarterAssetsThirdPerson.controller
  artifactKey: Guid(40db3173a05ae3242b1c182a09b0a183) Importer(2089858483,934ff659095e30574adcf32a4c2f97b5)
Start importing Assets/StarterAssets/ThirdPersonController/Character/Animations/StarterAssetsThirdPerson.controller using Guid(40db3173a05ae3242b1c182a09b0a183) Importer(2089858483,934ff659095e30574adcf32a4c2f97b5) Generated GUIDs only implemented for interfaces!
 -> (artifact id: '4f595992bedf5daadcdad9266f46e022') in 0.030868 seconds 
========================================================================
Received Import Request.
  Time since last request: 0.000044 seconds.
  path: Assets/StarterAssets/ThirdPersonController/Character/Textures/Armature_Legs_AlbedoTransparency.tif
  artifactKey: Guid(c444e3d02d2fcff4d9fe5211d67652a0) Importer(2089858483,934ff659095e30574adcf32a4c2f97b5)
Start importing Assets/StarterAssets/ThirdPersonController/Character/Textures/Armature_Legs_AlbedoTransparency.tif using Guid(c444e3d02d2fcff4d9fe5211d67652a0) Importer(2089858483,934ff659095e30574adcf32a4c2f97b5) Generated GUIDs only implemented for interfaces!
 -> (artifact id: '8ae01cb006144ac498a74c4335dcf20e') in 0.049690 seconds 
========================================================================
Received Import Request.
  Time since last request: 0.000043 seconds.
  path: Assets/StarterAssets/ThirdPersonController/Character/Animations/Jump--InAir.anim.fbx
  artifactKey: Guid(063aa479676c4084ebf187660ca0a7b8) Importer(2089858483,934ff659095e30574adcf32a4c2f97b5)
Start importing Assets/StarterAssets/ThirdPersonController/Character/Animations/Jump--InAir.anim.fbx using Guid(063aa479676c4084ebf187660ca0a7b8) Importer(2089858483,934ff659095e30574adcf32a4c2f97b5) Generated GUIDs only implemented for interfaces!
 -> (artifact id: 'e2d56b5c57b01324e8ca4278fc3c1539') in 0.034934 seconds 
========================================================================
Received Import Request.
  Time since last request: 0.000042 seconds.
  path: Assets/StarterAssets/ThirdPersonController/Character/Animations/Locomotion--Walk_N_Land.anim.fbx
  artifactKey: Guid(325a26d62b61fa94cb3c97c435efebc5) Importer(2089858483,934ff659095e30574adcf32a4c2f97b5)
Start importing Assets/StarterAssets/ThirdPersonController/Character/Animations/Locomotion--Walk_N_Land.anim.fbx using Guid(325a26d62b61fa94cb3c97c435efebc5) Importer(2089858483,934ff659095e30574adcf32a4c2f97b5) Generated GUIDs only implemented for interfaces!
 -> (artifact id: '0413b1b927944b8df3933f63235fe14e') in 0.029875 seconds 
========================================================================
Received Import Request.
  Time since last request: 0.000045 seconds.
  path: Assets/GrassFlowers/Textures/GrassFlowers/grassFlower02.tga
  artifactKey: Guid(b0601839c4520064bb61d58d088810bc) Importer(2089858483,934ff659095e30574adcf32a4c2f97b5)
Start importing Assets/GrassFlowers/Textures/GrassFlowers/grassFlower02.tga using Guid(b0601839c4520064bb61d58d088810bc) Importer(2089858483,934ff659095e30574adcf32a4c2f97b5) Generated GUIDs only implemented for interfaces!
 -> (artifact id: '7bcb5811eb5b2840efe22a64c6cc8ded') in 0.022227 seconds 
========================================================================
Received Import Request.
  Time since last request: 0.000049 seconds.
  path: Assets/StarterAssets/Environment/Art/Models/Box_350x250x300_Mesh.fbx
  artifactKey: Guid(d2f0da3998423f44594868ffed55c3e6) Importer(2089858483,934ff659095e30574adcf32a4c2f97b5)
Start importing Assets/StarterAssets/Environment/Art/Models/Box_350x250x300_Mesh.fbx using Guid(d2f0da3998423f44594868ffed55c3e6) Importer(2089858483,934ff659095e30574adcf32a4c2f97b5) Generated GUIDs only implemented for interfaces!
 -> (artifact id: 'c73089a4dff09d318746998628909354') in 0.019116 seconds 
========================================================================
Received Import Request.
  Time since last request: 0.000048 seconds.
  path: Assets/StarterAssets/Environment/Art/Materials/Built-in_RP/BuiltInTriplanar_01_Mat.mat
  artifactKey: Guid(3300a5c4710bac244815734e484b3b90) Importer(2089858483,934ff659095e30574adcf32a4c2f97b5)
Start importing Assets/StarterAssets/Environment/Art/Materials/Built-in_RP/BuiltInTriplanar_01_Mat.mat using Guid(3300a5c4710bac244815734e484b3b90) Importer(2089858483,934ff659095e30574adcf32a4c2f97b5) Generated GUIDs only implemented for interfaces!
 -> (artifact id: '63a1888641cef2abb97c85a67ef7be93') in 0.029857 seconds 
========================================================================
Received Import Request.
  Time since last request: 0.000064 seconds.
  path: Assets/StarterAssets/ThirdPersonController/Character/Materials/Built-in_RP/M_ArmatureColor_Body.mat
  artifactKey: Guid(9564d3bbc73fcb64792156cb4e2758a4) Importer(2089858483,934ff659095e30574adcf32a4c2f97b5)
Start importing Assets/StarterAssets/ThirdPersonController/Character/Materials/Built-in_RP/M_ArmatureColor_Body.mat using Guid(9564d3bbc73fcb64792156cb4e2758a4) Importer(2089858483,934ff659095e30574adcf32a4c2f97b5) Generated GUIDs only implemented for interfaces!
 -> (artifact id: '46d6edd7b936920e69d71fdd0b04e16e') in 0.024521 seconds 
========================================================================
Received Import Request.
  Time since last request: 0.000050 seconds.
  path: Assets/StarterAssets/ThirdPersonController/Character/Materials/Built-in_RP/M_ArmatureColor_Legs.mat
  artifactKey: Guid(3ffbe936d08df274e97d160a90856750) Importer(2089858483,934ff659095e30574adcf32a4c2f97b5)
Start importing Assets/StarterAssets/ThirdPersonController/Character/Materials/Built-in_RP/M_ArmatureColor_Legs.mat using Guid(3ffbe936d08df274e97d160a90856750) Importer(2089858483,934ff659095e30574adcf32a4c2f97b5) Generated GUIDs only implemented for interfaces!
 -> (artifact id: '91246a62ddb643d58ca74cf3a91f94b8') in 0.024457 seconds 
========================================================================
Received Import Request.
  Time since last request: 0.000027 seconds.
  path: Assets/StarterAssets/ThirdPersonController/Character/Textures/Armature_Arms_Normal.tif
  artifactKey: Guid(104a45460231b8d4783e0bb2223be28c) Importer(2089858483,934ff659095e30574adcf32a4c2f97b5)
Start importing Assets/StarterAssets/ThirdPersonController/Character/Textures/Armature_Arms_Normal.tif using Guid(104a45460231b8d4783e0bb2223be28c) Importer(2089858483,934ff659095e30574adcf32a4c2f97b5) Generated GUIDs only implemented for interfaces!
 -> (artifact id: 'd8a53352971bba57009cd605ef17e3a3') in 0.044076 seconds 
========================================================================
Received Import Request.
  Time since last request: 0.000098 seconds.
  path: Assets/Acorn Bringer Assets/Simplistic Low Poly Nature/Prefabs/SNature_MushroomShelf.prefab
  artifactKey: Guid(08149d62d2ddb9e4293bf2bad1d446fc) Importer(2089858483,934ff659095e30574adcf32a4c2f97b5)
Start importing Assets/Acorn Bringer Assets/Simplistic Low Poly Nature/Prefabs/SNature_MushroomShelf.prefab using Guid(08149d62d2ddb9e4293bf2bad1d446fc) Importer(2089858483,934ff659095e30574adcf32a4c2f97b5) Generated GUIDs only implemented for interfaces!
 -> (artifact id: 'd7aa7cf9705a05860809821e53d8ef02') in 0.036231 seconds 
========================================================================
Received Import Request.
  Time since last request: 0.000068 seconds.
  path: Assets/Acorn Bringer Assets/Simplistic Low Poly Nature/Simplistic Low Poly Nature Demo SceneSettings.lighting
  artifactKey: Guid(1ecf434f5098fee4996f5f8a33e7c98e) Importer(2089858483,934ff659095e30574adcf32a4c2f97b5)
Start importing Assets/Acorn Bringer Assets/Simplistic Low Poly Nature/Simplistic Low Poly Nature Demo SceneSettings.lighting using Guid(1ecf434f5098fee4996f5f8a33e7c98e) Importer(2089858483,934ff659095e30574adcf32a4c2f97b5) Generated GUIDs only implemented for interfaces!
 -> (artifact id: '341654142a9d80a85aac1a0612a49f34') in 0.019607 seconds 
========================================================================
Received Import Request.
  Time since last request: 0.000042 seconds.
  path: Assets/_TerrainAutoUpgrade/layer_Grass01_BigUVd261c09ae55ba1e3.terrainlayer
  artifactKey: Guid(c206263a15aa07343a0d7b8cd2cb5c44) Importer(2089858483,934ff659095e30574adcf32a4c2f97b5)
Start importing Assets/_TerrainAutoUpgrade/layer_Grass01_BigUVd261c09ae55ba1e3.terrainlayer using Guid(c206263a15aa07343a0d7b8cd2cb5c44) Importer(2089858483,934ff659095e30574adcf32a4c2f97b5) Generated GUIDs only implemented for interfaces!
 -> (artifact id: 'f90ddb2efadc246124229285b555f60b') in 0.017853 seconds 
========================================================================
Received Import Request.
  Time since last request: 0.000062 seconds.
  path: Assets/StarterAssets/Environment/Art/Materials/GreyBlue_Mat.mat
  artifactKey: Guid(6b911390c5825014e8377183a7837d3f) Importer(2089858483,934ff659095e30574adcf32a4c2f97b5)
Start importing Assets/StarterAssets/Environment/Art/Materials/GreyBlue_Mat.mat using Guid(6b911390c5825014e8377183a7837d3f) Importer(2089858483,934ff659095e30574adcf32a4c2f97b5) Generated GUIDs only implemented for interfaces!
 -> (artifact id: '24fb4672063ddefacc7240f21b9df16f') in 0.016958 seconds 
========================================================================
Received Import Request.
  Time since last request: 0.000029 seconds.
  path: Assets/StarterAssets/ThirdPersonController/Prefabs/NestedParentArmature_Unpack.prefab
  artifactKey: Guid(c708a3b79cd542b42bbfedb17e213bc1) Importer(2089858483,934ff659095e30574adcf32a4c2f97b5)
Start importing Assets/StarterAssets/ThirdPersonController/Prefabs/NestedParentArmature_Unpack.prefab using Guid(c708a3b79cd542b42bbfedb17e213bc1) Importer(2089858483,934ff659095e30574adcf32a4c2f97b5) Generated GUIDs only implemented for interfaces!
 -> (artifact id: '60be649461b0049beee841eb6b7b35ea') in 0.064894 seconds 
========================================================================
Received Import Request.
  Time since last request: 0.000191 seconds.
  path: Assets/StarterAssets/Mobile/Scripts/VirtualInputs/UIVirtualJoystick.cs
  artifactKey: Guid(f2cb8c4d669392748bb924209de33b85) Importer(2089858483,934ff659095e30574adcf32a4c2f97b5)
Start importing Assets/StarterAssets/Mobile/Scripts/VirtualInputs/UIVirtualJoystick.cs using Guid(f2cb8c4d669392748bb924209de33b85) Importer(2089858483,934ff659095e30574adcf32a4c2f97b5) Generated GUIDs only implemented for interfaces!
 -> (artifact id: 'dffabf8117abc4a8bda4b941c8920bd8') in 0.018355 seconds 
========================================================================
Received Import Request.
  Time since last request: 0.000047 seconds.
  path: Assets/Acorn Bringer Assets/Simplistic Low Poly Nature/Prefabs/SNature_StickBlack.prefab
  artifactKey: Guid(f900edf8c5b608246b6a17324ef82ac0) Importer(2089858483,934ff659095e30574adcf32a4c2f97b5)
Start importing Assets/Acorn Bringer Assets/Simplistic Low Poly Nature/Prefabs/SNature_StickBlack.prefab using Guid(f900edf8c5b608246b6a17324ef82ac0) Importer(2089858483,934ff659095e30574adcf32a4c2f97b5) Generated GUIDs only implemented for interfaces!
 -> (artifact id: '676f70846a2279d64d26609bf05c42c9') in 0.022698 seconds 
========================================================================
Received Import Request.
  Time since last request: 0.000036 seconds.
  path: Assets/StarterAssets/ThirdPersonController/Prefabs/PlayerArmature.prefab
  artifactKey: Guid(64dce48905ffd9b4293e595fa6941544) Importer(2089858483,934ff659095e30574adcf32a4c2f97b5)
Start importing Assets/StarterAssets/ThirdPersonController/Prefabs/PlayerArmature.prefab using Guid(64dce48905ffd9b4293e595fa6941544) Importer(2089858483,934ff659095e30574adcf32a4c2f97b5) Generated GUIDs only implemented for interfaces!
 -> (artifact id: 'e12c399fbdf53e80c57bfc258e72ed7b') in 0.029955 seconds 
========================================================================
Received Import Request.
  Time since last request: 0.000035 seconds.
  path: Assets/StarterAssets/ThirdPersonController/Character/Textures/Armature_Arms_AlbedoTransparency.tif
  artifactKey: Guid(c6dc62700fa06274b9608a9fce8ed21b) Importer(2089858483,934ff659095e30574adcf32a4c2f97b5)
Start importing Assets/StarterAssets/ThirdPersonController/Character/Textures/Armature_Arms_AlbedoTransparency.tif using Guid(c6dc62700fa06274b9608a9fce8ed21b) Importer(2089858483,934ff659095e30574adcf32a4c2f97b5) Generated GUIDs only implemented for interfaces!
 -> (artifact id: '350315ccc2161717b18c1c1e026beb7b') in 0.035799 seconds 
========================================================================
Received Import Request.
  Time since last request: 0.000080 seconds.
  path: Assets/GrassFlowers/Textures/GrassFlowers/grassFlower05.tga
  artifactKey: Guid(e3b33de953074bc4a88d9487f19c1202) Importer(2089858483,934ff659095e30574adcf32a4c2f97b5)
Start importing Assets/GrassFlowers/Textures/GrassFlowers/grassFlower05.tga using Guid(e3b33de953074bc4a88d9487f19c1202) Importer(2089858483,934ff659095e30574adcf32a4c2f97b5) Generated GUIDs only implemented for interfaces!
 -> (artifact id: '1457ed0aef7a4f710bf0353c18a9ef83') in 0.020833 seconds 
========================================================================
Received Import Request.
  Time since last request: 0.000038 seconds.
  path: Assets/StarterAssets/Environment/Art/Skybox/SkyboxLiteWarm.mat
  artifactKey: Guid(aeab33f69c199e54794f516d31450ec4) Importer(2089858483,934ff659095e30574adcf32a4c2f97b5)
Start importing Assets/StarterAssets/Environment/Art/Skybox/SkyboxLiteWarm.mat using Guid(aeab33f69c199e54794f516d31450ec4) Importer(2089858483,934ff659095e30574adcf32a4c2f97b5) Generated GUIDs only implemented for interfaces!
 -> (artifact id: 'd470c18f7d9a1ee95f1e702937a6fdb5') in 0.025938 seconds 
========================================================================
Received Import Request.
  Time since last request: 0.000046 seconds.
  path: Assets/StarterAssets/Mobile/Scripts/Utilities/MobileDisableAutoSwitchControls.cs
  artifactKey: Guid(901182334643ba1438a25accc6bd0c79) Importer(2089858483,934ff659095e30574adcf32a4c2f97b5)
Start importing Assets/StarterAssets/Mobile/Scripts/Utilities/MobileDisableAutoSwitchControls.cs using Guid(901182334643ba1438a25accc6bd0c79) Importer(2089858483,934ff659095e30574adcf32a4c2f97b5) Generated GUIDs only implemented for interfaces!
 -> (artifact id: '697b95784e833f495d0fd0152dc1b139') in 0.015339 seconds 
========================================================================
Received Import Request.
  Time since last request: 0.000037 seconds.
  path: Assets/GrassFlowers/Demo/DemoGrassFlowers/ReflectionProbe-0.exr
  artifactKey: Guid(ff26dd0d532f43942b51232390841a6d) Importer(2089858483,934ff659095e30574adcf32a4c2f97b5)
Start importing Assets/GrassFlowers/Demo/DemoGrassFlowers/ReflectionProbe-0.exr using Guid(ff26dd0d532f43942b51232390841a6d) Importer(2089858483,934ff659095e30574adcf32a4c2f97b5) Generated GUIDs only implemented for interfaces!
 -> (artifact id: 'fcbf31bda753b62f64d8046fd335d4ee') in 0.015020 seconds 
========================================================================
Received Import Request.
  Time since last request: 0.000042 seconds.
  path: Assets/GrassFlowers/Textures/GrassFlowers/grassFlower01.tga
  artifactKey: Guid(5733619f617fd954cac22d3d11fd1b93) Importer(2089858483,934ff659095e30574adcf32a4c2f97b5)
Start importing Assets/GrassFlowers/Textures/GrassFlowers/grassFlower01.tga using Guid(5733619f617fd954cac22d3d11fd1b93) Importer(2089858483,934ff659095e30574adcf32a4c2f97b5) Generated GUIDs only implemented for interfaces!
 -> (artifact id: 'ec93b0c3ec3b1deea98aca22eca48718') in 0.019915 seconds 
========================================================================
Received Import Request.
  Time since last request: 0.000051 seconds.
  path: Assets/Acorn Bringer Assets/Simplistic Low Poly Nature/Prefabs/SCharacter_Butterfly.prefab
  artifactKey: Guid(18b8af6b3106d4940a5e534dc18c0344) Importer(2089858483,934ff659095e30574adcf32a4c2f97b5)
Start importing Assets/Acorn Bringer Assets/Simplistic Low Poly Nature/Prefabs/SCharacter_Butterfly.prefab using Guid(18b8af6b3106d4940a5e534dc18c0344) Importer(2089858483,934ff659095e30574adcf32a4c2f97b5) Generated GUIDs only implemented for interfaces!
 -> (artifact id: '256265a80ee066163a5a4606252cd41e') in 0.021054 seconds 
========================================================================
Received Import Request.
  Time since last request: 0.000032 seconds.
  path: Assets/StarterAssets/Environment/Art/Materials/GridOrange_01_Mat.mat
  artifactKey: Guid(7ab977a21c92388468ee65ad1c0e5a78) Importer(2089858483,934ff659095e30574adcf32a4c2f97b5)
Start importing Assets/StarterAssets/Environment/Art/Materials/GridOrange_01_Mat.mat using Guid(7ab977a21c92388468ee65ad1c0e5a78) Importer(2089858483,934ff659095e30574adcf32a4c2f97b5) Generated GUIDs only implemented for interfaces!
 -> (artifact id: 'e890e1d18524fe39c910821bedfd5010') in 0.024561 seconds 
========================================================================
Received Import Request.
  Time since last request: 0.000078 seconds.
  path: Assets/StarterAssets/Editor/ThirdPersonStarterAssetsDeployMenu.cs
  artifactKey: Guid(b70f45aa92a641feb261c5d55ce46edf) Importer(2089858483,934ff659095e30574adcf32a4c2f97b5)
Start importing Assets/StarterAssets/Editor/ThirdPersonStarterAssetsDeployMenu.cs using Guid(b70f45aa92a641feb261c5d55ce46edf) Importer(2089858483,934ff659095e30574adcf32a4c2f97b5) Generated GUIDs only implemented for interfaces!
 -> (artifact id: 'ac3c2667f0f3c69ea0ae0da1e30f24c5') in 0.015400 seconds 
========================================================================
Received Import Request.
  Time since last request: 0.000036 seconds.
  path: Assets/StarterAssets/Environment/Prefabs/Stairs_650_400_300_Prefab.prefab
  artifactKey: Guid(50a0925b0c22af146a2d15615f815a1c) Importer(2089858483,934ff659095e30574adcf32a4c2f97b5)
Start importing Assets/StarterAssets/Environment/Prefabs/Stairs_650_400_300_Prefab.prefab using Guid(50a0925b0c22af146a2d15615f815a1c) Importer(2089858483,934ff659095e30574adcf32a4c2f97b5) Generated GUIDs only implemented for interfaces!
 -> (artifact id: '4a80a136c21867df7f3ac8d3f6613f8c') in 0.026433 seconds 
========================================================================
Received Import Request.
  Time since last request: 0.000024 seconds.
  path: Assets/StarterAssets/Environment/Prefabs/Ramp_Prefab.prefab
  artifactKey: Guid(8a7437817844dce4894b049de73b75f2) Importer(2089858483,934ff659095e30574adcf32a4c2f97b5)
Start importing Assets/StarterAssets/Environment/Prefabs/Ramp_Prefab.prefab using Guid(8a7437817844dce4894b049de73b75f2) Importer(2089858483,934ff659095e30574adcf32a4c2f97b5) Generated GUIDs only implemented for interfaces!
 -> (artifact id: '215dde89d2ec7208f84b409827a12ad1') in 0.025893 seconds 
========================================================================
Received Import Request.
  Time since last request: 0.000027 seconds.
  path: Assets/StarterAssets/Mobile/UI/UI_Icon_Jump.png
  artifactKey: Guid(751aa1b6637101946b2fdbb7aa27d6ad) Importer(2089858483,934ff659095e30574adcf32a4c2f97b5)
Start importing Assets/StarterAssets/Mobile/UI/UI_Icon_Jump.png using Guid(751aa1b6637101946b2fdbb7aa27d6ad) Importer(2089858483,934ff659095e30574adcf32a4c2f97b5) Generated GUIDs only implemented for interfaces!
 -> (artifact id: '440e4cfc86f71466c44a3981b28c9667') in 0.029153 seconds 
========================================================================
Received Import Request.
  Time since last request: 0.000034 seconds.
  path: Assets/StarterAssets/Environment/Art/Textures/Grid_01_BaseMap.png
  artifactKey: Guid(d1118dda59970a2449ee890fa247c4c5) Importer(2089858483,934ff659095e30574adcf32a4c2f97b5)
Start importing Assets/StarterAssets/Environment/Art/Textures/Grid_01_BaseMap.png using Guid(d1118dda59970a2449ee890fa247c4c5) Importer(2089858483,934ff659095e30574adcf32a4c2f97b5) Generated GUIDs only implemented for interfaces!
 -> (artifact id: '7bf35b6efc3184b801fe79071f3ac882') in 0.023916 seconds 
========================================================================
Received Import Request.
  Time since last request: 0.000063 seconds.
  path: Assets/StarterAssets/ThirdPersonController/Character/Textures/Armature_Legs_MetallicSmoothness.tif
  artifactKey: Guid(1c98c94efa7792645972ecf95e6f86c2) Importer(2089858483,934ff659095e30574adcf32a4c2f97b5)
Start importing Assets/StarterAssets/ThirdPersonController/Character/Textures/Armature_Legs_MetallicSmoothness.tif using Guid(1c98c94efa7792645972ecf95e6f86c2) Importer(2089858483,934ff659095e30574adcf32a4c2f97b5) Generated GUIDs only implemented for interfaces!
 -> (artifact id: 'f0ff20e5d81c3e19e15f0c70f156bd8a') in 0.034743 seconds 
========================================================================
Received Import Request.
  Time since last request: 0.000031 seconds.
  path: Assets/StarterAssets/Mobile/UI/UI_Icon_Look.png
  artifactKey: Guid(af0ae2dbf3d1efb4f82af377950704a2) Importer(2089858483,934ff659095e30574adcf32a4c2f97b5)
Start importing Assets/StarterAssets/Mobile/UI/UI_Icon_Look.png using Guid(af0ae2dbf3d1efb4f82af377950704a2) Importer(2089858483,934ff659095e30574adcf32a4c2f97b5) Generated GUIDs only implemented for interfaces!
 -> (artifact id: 'd1472f063d12df2211c72aa21abc560d') in 0.027243 seconds 
========================================================================
Received Import Request.
  Time since last request: 0.000044 seconds.
  path: Assets/StarterAssets/ThirdPersonController/Character/Animations/Locomotion--Run_N.anim.fbx
  artifactKey: Guid(16114d403eabb53438de032c6f0d1deb) Importer(2089858483,934ff659095e30574adcf32a4c2f97b5)
Start importing Assets/StarterAssets/ThirdPersonController/Character/Animations/Locomotion--Run_N.anim.fbx using Guid(16114d403eabb53438de032c6f0d1deb) Importer(2089858483,934ff659095e30574adcf32a4c2f97b5) Generated GUIDs only implemented for interfaces!
 -> (artifact id: '4c47c72f75916af9355f9ef0be1f2e1e') in 0.029733 seconds 
========================================================================
Received Import Request.
  Time since last request: 0.000027 seconds.
  path: Assets/GrassFlowers/Demo/DemoGrassFlowersSettings.lighting
  artifactKey: Guid(3f2cc2ee1abfcb54fbc7fc4696ed5bc6) Importer(2089858483,934ff659095e30574adcf32a4c2f97b5)
Start importing Assets/GrassFlowers/Demo/DemoGrassFlowersSettings.lighting using Guid(3f2cc2ee1abfcb54fbc7fc4696ed5bc6) Importer(2089858483,934ff659095e30574adcf32a4c2f97b5) Generated GUIDs only implemented for interfaces!
 -> (artifact id: '8c7cf6551e54307ca316431e7aa4c1fb') in 0.015610 seconds 
========================================================================
Received Import Request.
  Time since last request: 0.000041 seconds.
  path: Assets/GrassFlowers/Textures/GrassFlowers/grass02.tga
  artifactKey: Guid(cf3069941001b5c46b1f13d4551d0fd9) Importer(2089858483,934ff659095e30574adcf32a4c2f97b5)
Start importing Assets/GrassFlowers/Textures/GrassFlowers/grass02.tga using Guid(cf3069941001b5c46b1f13d4551d0fd9) Importer(2089858483,934ff659095e30574adcf32a4c2f97b5) Generated GUIDs only implemented for interfaces!
 -> (artifact id: '979e7651ac8adc5bf585297dfe75a193') in 0.018991 seconds 
========================================================================
Received Import Request.
  Time since last request: 0.000086 seconds.
  path: Assets/StarterAssets/Environment/Art/Materials/GridWhite_01_Mat.mat
  artifactKey: Guid(dbf898c9f9c4a2d46aa6336e23caeb61) Importer(2089858483,934ff659095e30574adcf32a4c2f97b5)
Start importing Assets/StarterAssets/Environment/Art/Materials/GridWhite_01_Mat.mat using Guid(dbf898c9f9c4a2d46aa6336e23caeb61) Importer(2089858483,934ff659095e30574adcf32a4c2f97b5) Generated GUIDs only implemented for interfaces!
 -> (artifact id: 'f78debdb55427c8f33a366c0cced85d8') in 0.022642 seconds 
========================================================================
Received Import Request.
  Time since last request: 0.000046 seconds.
  path: Assets/StarterAssets/ThirdPersonController/Scenes/Playground.unity
  artifactKey: Guid(e9017d5f96b9f09489b4b37e1d6eb914) Importer(2089858483,934ff659095e30574adcf32a4c2f97b5)
Start importing Assets/StarterAssets/ThirdPersonController/Scenes/Playground.unity using Guid(e9017d5f96b9f09489b4b37e1d6eb914) Importer(2089858483,934ff659095e30574adcf32a4c2f97b5) Generated GUIDs only implemented for interfaces!
 -> (artifact id: '58a69a600dbefbf30f44552b65d5a61f') in 0.015611 seconds 
========================================================================
Received Import Request.
  Time since last request: 0.000048 seconds.
  path: Assets/Acorn Bringer Assets/Simplistic Low Poly Nature/Prefabs/SCharacter_Squirrel.prefab
  artifactKey: Guid(4a7d6cee9f1328e468c9f485779e2c20) Importer(2089858483,934ff659095e30574adcf32a4c2f97b5)
Start importing Assets/Acorn Bringer Assets/Simplistic Low Poly Nature/Prefabs/SCharacter_Squirrel.prefab using Guid(4a7d6cee9f1328e468c9f485779e2c20) Importer(2089858483,934ff659095e30574adcf32a4c2f97b5) Generated GUIDs only implemented for interfaces!
 -> (artifact id: '0ef56b832f2aa2ac61bb80d72e57ccc7') in 0.026439 seconds 
========================================================================
Received Import Request.
  Time since last request: 0.000030 seconds.
  path: Assets/StarterAssets/ThirdPersonController/Scenes/PlaygroundSettings.lighting
  artifactKey: Guid(3b3f7400d3526e9429c39d03afb714b3) Importer(2089858483,934ff659095e30574adcf32a4c2f97b5)
Start importing Assets/StarterAssets/ThirdPersonController/Scenes/PlaygroundSettings.lighting using Guid(3b3f7400d3526e9429c39d03afb714b3) Importer(2089858483,934ff659095e30574adcf32a4c2f97b5) Generated GUIDs only implemented for interfaces!
 -> (artifact id: '2c433af766f40d3a51ebfb389181d2ca') in 0.016095 seconds 
========================================================================
Received Import Request.
  Time since last request: 0.000041 seconds.
  path: Assets/StarterAssets/Mobile/Prefabs/VirtualInputs/UI_Virtual_TouchZone.prefab
  artifactKey: Guid(c82978c3789dad44da354dc354c782b2) Importer(2089858483,934ff659095e30574adcf32a4c2f97b5)
Start importing Assets/StarterAssets/Mobile/Prefabs/VirtualInputs/UI_Virtual_TouchZone.prefab using Guid(c82978c3789dad44da354dc354c782b2) Importer(2089858483,934ff659095e30574adcf32a4c2f97b5) Generated GUIDs only implemented for interfaces!
 -> (artifact id: '1a3c4e60ccad33bce41565b844d970ec') in 0.031846 seconds 
========================================================================
Received Import Request.
  Time since last request: 0.000024 seconds.
  path: Assets/StarterAssets/Environment/Prefabs/Tunnel_Prefab.prefab
  artifactKey: Guid(e5d7b87d422ee0f478ee09eb32e24f4e) Importer(2089858483,934ff659095e30574adcf32a4c2f97b5)
Start importing Assets/StarterAssets/Environment/Prefabs/Tunnel_Prefab.prefab using Guid(e5d7b87d422ee0f478ee09eb32e24f4e) Importer(2089858483,934ff659095e30574adcf32a4c2f97b5) Generated GUIDs only implemented for interfaces!
 -> (artifact id: 'c11761dc2146075d34b076500907397e') in 0.026493 seconds 
========================================================================
Received Import Request.
  Time since last request: 0.000038 seconds.
  path: Assets/StarterAssets/Environment/Prefabs/Wall_Prefab.prefab
  artifactKey: Guid(9eb847ab97b24024588682c8601254cf) Importer(2089858483,934ff659095e30574adcf32a4c2f97b5)
Start importing Assets/StarterAssets/Environment/Prefabs/Wall_Prefab.prefab using Guid(9eb847ab97b24024588682c8601254cf) Importer(2089858483,934ff659095e30574adcf32a4c2f97b5) Generated GUIDs only implemented for interfaces!
 -> (artifact id: 'aa10300abef466bcf762fe94d83cc22a') in 0.024495 seconds 
========================================================================
Received Import Request.
  Time since last request: 0.000038 seconds.
  path: Assets/StarterAssets/Mobile/UI/UI_Circle_Bevel_Base.png
  artifactKey: Guid(b74c31d447d2f5d41a61081bdf5e7126) Importer(2089858483,934ff659095e30574adcf32a4c2f97b5)
Start importing Assets/StarterAssets/Mobile/UI/UI_Circle_Bevel_Base.png using Guid(b74c31d447d2f5d41a61081bdf5e7126) Importer(2089858483,934ff659095e30574adcf32a4c2f97b5) Generated GUIDs only implemented for interfaces!
 -> (artifact id: 'eac7bb74b71c47f306ee0d5dfeda31a2') in 0.027483 seconds 
========================================================================
Received Import Request.
  Time since last request: 0.000024 seconds.
  path: Assets/StarterAssets/ThirdPersonController/Character/Animations/Locomotion--Run_S.anim.fbx
  artifactKey: Guid(a073c604c44135e438eeeaef77058ac5) Importer(2089858483,934ff659095e30574adcf32a4c2f97b5)
Start importing Assets/StarterAssets/ThirdPersonController/Character/Animations/Locomotion--Run_S.anim.fbx using Guid(a073c604c44135e438eeeaef77058ac5) Importer(2089858483,934ff659095e30574adcf32a4c2f97b5) Generated GUIDs only implemented for interfaces!
 -> (artifact id: '1bb58d96acbd42a79f5110ce269cb55e') in 0.027874 seconds 
========================================================================
Received Import Request.
  Time since last request: 0.000055 seconds.
  path: Assets/StarterAssets/InputSystem/StarterAssetsInputs.cs
  artifactKey: Guid(e087ecce43ebbff45a1b360637807d93) Importer(2089858483,934ff659095e30574adcf32a4c2f97b5)
Start importing Assets/StarterAssets/InputSystem/StarterAssetsInputs.cs using Guid(e087ecce43ebbff45a1b360637807d93) Importer(2089858483,934ff659095e30574adcf32a4c2f97b5) Generated GUIDs only implemented for interfaces!
 -> (artifact id: 'd115c5ff976080d7fd462fbd3dabc72b') in 0.019791 seconds 
========================================================================
Received Import Request.
  Time since last request: 0.000040 seconds.
  path: Assets/StarterAssets/ThirdPersonController/Character/Models/Armature.fbx
  artifactKey: Guid(36078ab0369161e49a29d349ae3e0739) Importer(2089858483,934ff659095e30574adcf32a4c2f97b5)
Start importing Assets/StarterAssets/ThirdPersonController/Character/Models/Armature.fbx using Guid(36078ab0369161e49a29d349ae3e0739) Importer(2089858483,934ff659095e30574adcf32a4c2f97b5) Generated GUIDs only implemented for interfaces!
 -> (artifact id: 'aef79e0d7cbbad686ddb1320ad8fe6d6') in 0.028659 seconds 
========================================================================
Received Import Request.
  Time since last request: 0.000035 seconds.
  path: Assets/Acorn Bringer Assets/Simplistic Low Poly Nature/Prefabs/SNature_WaterSkipper.prefab
  artifactKey: Guid(02defc480a8cb6149bac21f1e89e943d) Importer(2089858483,934ff659095e30574adcf32a4c2f97b5)
Start importing Assets/Acorn Bringer Assets/Simplistic Low Poly Nature/Prefabs/SNature_WaterSkipper.prefab using Guid(02defc480a8cb6149bac21f1e89e943d) Importer(2089858483,934ff659095e30574adcf32a4c2f97b5) Generated GUIDs only implemented for interfaces!
 -> (artifact id: '32ef9c9067c09059b6c153d1803d7bce') in 0.026332 seconds 
========================================================================
Received Import Request.
  Time since last request: 0.000037 seconds.
  path: Assets/StarterAssets/ThirdPersonController/Prefabs/NestedParentCapsule_Unpack.prefab
  artifactKey: Guid(212907312655a4443a025a304442c17c) Importer(2089858483,934ff659095e30574adcf32a4c2f97b5)
Start importing Assets/StarterAssets/ThirdPersonController/Prefabs/NestedParentCapsule_Unpack.prefab using Guid(212907312655a4443a025a304442c17c) Importer(2089858483,934ff659095e30574adcf32a4c2f97b5) Generated GUIDs only implemented for interfaces!
 -> (artifact id: '5fe44027a7e71ff36ea9788b51fe2666') in 0.031257 seconds 
========================================================================
Received Prepare
Refreshing native plugins compatible for Editor in 19.85 ms, found 3 plugins.
Preloading 0 native plugins for Editor in 0.00 ms.
Unloading 17 Unused Serialized files (Serialized files now loaded: 0)
Unloading 17 unused Assets / (92.6 KB). Loaded Objects now: 4206.
Memory consumption went from 72.5 MB to 72.4 MB.
Total: 29.099400 ms (FindLiveObjects: 0.458900 ms CreateObjectMapping: 0.109600 ms MarkObjects: 28.424100 ms  DeleteObjects: 0.104800 ms)

AssetImportParameters requested are different than current active one (requested -> active):
  custom:video-decoder-ogg-theora: a1e56fd34408186e4bbccfd4996cb3dc -> 
  custom:container-muxer-webm: aa71ff27fc2769a1b78a27578f13a17b -> 
  custom:container-demuxer-webm: 4f35f7cbe854078d1ac9338744f61a02 -> 
  custom:video-encoder-webm-vp8: eb34c28f22e8b96e1ab97ce403110664 -> 
  custom:video-codec-MediaFoundation-h265: 746d11721c4dcdbdad8f713fa42b33f4 -> 
  custom:audio-encoder-webm-vorbis: bf7c407c2cedff20999df2af8eb42d56 -> 
  custom:framework-win-MediaFoundation: 216162199b28c13a410421893ffa2e32 -> 
  custom:SearchIndexIgnoredProperties: e643bd26f0fe6173181afceb89e7c659 -> 
  custom:container-demuxer-ogg: 62fdf1f143b41e24485cea50d1cbac27 -> 
  custom:video-decoder-webm-vp8: 9c59270c3fd7afecdb556c50c9e8de78 -> 
  custom:audio-decoder-ogg-vorbis: bf7c407c2cedff20999df2af8eb42d56 -> 
========================================================================
Received Import Request.
  Time since last request: 246.882351 seconds.
  path: Assets/StarterAssets/InputSystem/StarterAssets.inputactions
  artifactKey: Guid(4419d82f33d36e848b3ed5af4c8da37e) Importer(815301076,1909f56bfc062723c751e8b465ee728b)
Start importing Assets/StarterAssets/InputSystem/StarterAssets.inputactions using Guid(4419d82f33d36e848b3ed5af4c8da37e) Importer(815301076,1909f56bfc062723c751e8b465ee728b)  -> (artifact id: 'd86f1425eea56690ff64ed0d6121cf09') in 0.014013 seconds 
========================================================================
Received Import Request.
  Time since last request: 0.000030 seconds.
  path: Assets/StarterAssets/Mobile/Prefabs/CanvasInputs/UI_Canvas_StarterAssetsInputs_Joysticks.prefab
  artifactKey: Guid(2f7f3dde7ae722a4aafffe20691ad702) Importer(815301076,1909f56bfc062723c751e8b465ee728b)
Start importing Assets/StarterAssets/Mobile/Prefabs/CanvasInputs/UI_Canvas_StarterAssetsInputs_Joysticks.prefab using Guid(2f7f3dde7ae722a4aafffe20691ad702) Importer(815301076,1909f56bfc062723c751e8b465ee728b)  -> (artifact id: '1f17d75e135a449913488b966a1395e5') in 0.052186 seconds 
========================================================================
Received Import Request.
  Time since last request: 0.000042 seconds.
  path: Assets/StarterAssets/Mobile/Prefabs/CanvasInputs/UI_Canvas_StarterAssetsInputs_TouchZones.prefab
  artifactKey: Guid(7484ce6f8ca3d81408c606b5ae8b9ff3) Importer(815301076,1909f56bfc062723c751e8b465ee728b)
Start importing Assets/StarterAssets/Mobile/Prefabs/CanvasInputs/UI_Canvas_StarterAssetsInputs_TouchZones.prefab using Guid(7484ce6f8ca3d81408c606b5ae8b9ff3) Importer(815301076,1909f56bfc062723c751e8b465ee728b)  -> (artifact id: 'e755be05961960ea8e84cdb46a510ef9') in 0.017971 seconds 
========================================================================
Received Import Request.
  Time since last request: 27.986434 seconds.
  path: Assets/Scripts
  artifactKey: Guid(584881eb11813cb4c89caeeeb3fdc9db) Importer(815301076,1909f56bfc062723c751e8b465ee728b)
Start importing Assets/Scripts using Guid(584881eb11813cb4c89caeeeb3fdc9db) Importer(815301076,1909f56bfc062723c751e8b465ee728b)  -> (artifact id: '8ab356dc715339bbea9dffa1a7c0821f') in 0.012787 seconds 
========================================================================
Received Import Request.
  Time since last request: 1783.891564 seconds.
  path: Assets/New Terrain.asset
  artifactKey: Guid(1a06e0bc1189ba04ba8bf96ee61e9926) Importer(815301076,1909f56bfc062723c751e8b465ee728b)
Start importing Assets/New Terrain.asset using Guid(1a06e0bc1189ba04ba8bf96ee61e9926) Importer(815301076,1909f56bfc062723c751e8b465ee728b)  -> (artifact id: 'ed2cf43dbc46ea3385332e5b3a897a03') in 0.031499 seconds 
========================================================================
Received Import Request.
  Time since last request: 0.838343 seconds.
  path: Assets/New Terrain.asset
  artifactKey: Guid(1a06e0bc1189ba04ba8bf96ee61e9926) Importer(2089858483,934ff659095e30574adcf32a4c2f97b5)
Start importing Assets/New Terrain.asset using Guid(1a06e0bc1189ba04ba8bf96ee61e9926) Importer(2089858483,934ff659095e30574adcf32a4c2f97b5) Generated GUIDs only implemented for interfaces!
 -> (artifact id: 'd3ad75defc131b9014c648bdd9178dea') in 0.021712 seconds 
========================================================================
Received Import Request.
  Time since last request: 180.370858 seconds.
  path: Assets/World/Terrain 3.fbx
  artifactKey: Guid(ab9720ee15284ce4cbc482423c0fe5e5) Importer(815301076,1909f56bfc062723c751e8b465ee728b)
Start importing Assets/World/Terrain 3.fbx using Guid(ab9720ee15284ce4cbc482423c0fe5e5) Importer(815301076,1909f56bfc062723c751e8b465ee728b)  -> (artifact id: '02c12e4d008cf7584edc5a567bca1138') in 0.409014 seconds 
========================================================================
Received Import Request.
  Time since last request: 5.673965 seconds.
  path: Assets/Acorn Bringer Assets/Simplistic Low Poly Nature/Prefabs/SCharacter_Bird1.prefab
  artifactKey: Guid(22e82e37709fde34fb65a2fd28fbfb05) Importer(815301076,1909f56bfc062723c751e8b465ee728b)
Start importing Assets/Acorn Bringer Assets/Simplistic Low Poly Nature/Prefabs/SCharacter_Bird1.prefab using Guid(22e82e37709fde34fb65a2fd28fbfb05) Importer(815301076,1909f56bfc062723c751e8b465ee728b)  -> (artifact id: '4ab18b8feb3e73aa945a43a7bb233675') in 0.017775 seconds 
========================================================================
Received Import Request.
  Time since last request: 0.000031 seconds.
  path: Assets/Acorn Bringer Assets/Simplistic Low Poly Nature/Prefabs/SCharacter_Turtle.prefab
  artifactKey: Guid(d2d67fda15fa26342932fffde03aeb05) Importer(815301076,1909f56bfc062723c751e8b465ee728b)
Start importing Assets/Acorn Bringer Assets/Simplistic Low Poly Nature/Prefabs/SCharacter_Turtle.prefab using Guid(d2d67fda15fa26342932fffde03aeb05) Importer(815301076,1909f56bfc062723c751e8b465ee728b)  -> (artifact id: '74323f6d214d5d64039fa50bd57898a4') in 0.018944 seconds 
========================================================================
Received Import Request.
  Time since last request: 0.000031 seconds.
  path: Assets/Acorn Bringer Assets/Simplistic Low Poly Nature/Prefabs/SNature_SmallRocks.prefab
  artifactKey: Guid(8bf68561aec61914b8418e72b44a57dd) Importer(815301076,1909f56bfc062723c751e8b465ee728b)
Start importing Assets/Acorn Bringer Assets/Simplistic Low Poly Nature/Prefabs/SNature_SmallRocks.prefab using Guid(8bf68561aec61914b8418e72b44a57dd) Importer(815301076,1909f56bfc062723c751e8b465ee728b)  -> (artifact id: '526ec77a7eb43dab26fc58973f748ede') in 0.020677 seconds 
========================================================================
Received Import Request.
  Time since last request: 0.000040 seconds.
  path: Assets/Acorn Bringer Assets/Simplistic Low Poly Nature/Prefabs/SNature_MossRocks1.prefab
  artifactKey: Guid(55ffe20335c698d4fbf469301e953712) Importer(815301076,1909f56bfc062723c751e8b465ee728b)
Start importing Assets/Acorn Bringer Assets/Simplistic Low Poly Nature/Prefabs/SNature_MossRocks1.prefab using Guid(55ffe20335c698d4fbf469301e953712) Importer(815301076,1909f56bfc062723c751e8b465ee728b)  -> (artifact id: '3f52a1f3793127f2884853897231cb59') in 0.016490 seconds 
========================================================================
Received Import Request.
  Time since last request: 0.000035 seconds.
  path: Assets/Acorn Bringer Assets/Simplistic Low Poly Nature/Prefabs/SNature_StickBlack.prefab
  artifactKey: Guid(f900edf8c5b608246b6a17324ef82ac0) Importer(815301076,1909f56bfc062723c751e8b465ee728b)
Start importing Assets/Acorn Bringer Assets/Simplistic Low Poly Nature/Prefabs/SNature_StickBlack.prefab using Guid(f900edf8c5b608246b6a17324ef82ac0) Importer(815301076,1909f56bfc062723c751e8b465ee728b)  -> (artifact id: '1fbfbed76ffca424465fef7a745fbd11') in 0.019429 seconds 
========================================================================
Received Import Request.
  Time since last request: 0.000044 seconds.
  path: Assets/Acorn Bringer Assets/Simplistic Low Poly Nature/Prefabs/SCharacter_Fish.prefab
  artifactKey: Guid(925bc3fd925fd0c4c80d7e83b67ba239) Importer(815301076,1909f56bfc062723c751e8b465ee728b)
Start importing Assets/Acorn Bringer Assets/Simplistic Low Poly Nature/Prefabs/SCharacter_Fish.prefab using Guid(925bc3fd925fd0c4c80d7e83b67ba239) Importer(815301076,1909f56bfc062723c751e8b465ee728b)  -> (artifact id: 'c14c88e704f67a807aaad97a10d35c9e') in 0.019280 seconds 
========================================================================
Received Import Request.
  Time since last request: 0.000039 seconds.
  path: Assets/Acorn Bringer Assets/Simplistic Low Poly Nature/Prefabs/SNature_LiliPad.prefab
  artifactKey: Guid(c9bb692f8b5490743a59d75a7995b81c) Importer(815301076,1909f56bfc062723c751e8b465ee728b)
Start importing Assets/Acorn Bringer Assets/Simplistic Low Poly Nature/Prefabs/SNature_LiliPad.prefab using Guid(c9bb692f8b5490743a59d75a7995b81c) Importer(815301076,1909f56bfc062723c751e8b465ee728b)  -> (artifact id: '8d2c474254e7b3b3b6c529a4309240a3') in 0.018806 seconds 
========================================================================
Received Import Request.
  Time since last request: 0.000071 seconds.
  path: Assets/Acorn Bringer Assets/Simplistic Low Poly Nature/Prefabs/SNature_MushroomShelf.prefab
  artifactKey: Guid(08149d62d2ddb9e4293bf2bad1d446fc) Importer(815301076,1909f56bfc062723c751e8b465ee728b)
Start importing Assets/Acorn Bringer Assets/Simplistic Low Poly Nature/Prefabs/SNature_MushroomShelf.prefab using Guid(08149d62d2ddb9e4293bf2bad1d446fc) Importer(815301076,1909f56bfc062723c751e8b465ee728b)  -> (artifact id: '9791b0b61d71d7c79a0377956c591370') in 0.018632 seconds 
========================================================================
Received Import Request.
  Time since last request: 0.000044 seconds.
  path: Assets/Acorn Bringer Assets/Simplistic Low Poly Nature/Prefabs/SNature_Mushroom.prefab
  artifactKey: Guid(c72f3f8a9daab2442b7dd148c087d333) Importer(815301076,1909f56bfc062723c751e8b465ee728b)
Start importing Assets/Acorn Bringer Assets/Simplistic Low Poly Nature/Prefabs/SNature_Mushroom.prefab using Guid(c72f3f8a9daab2442b7dd148c087d333) Importer(815301076,1909f56bfc062723c751e8b465ee728b)  -> (artifact id: '397d3f3a68a51af5e1037a72dc4b2168') in 0.020895 seconds 
========================================================================
Received Import Request.
  Time since last request: 0.000034 seconds.
  path: Assets/Acorn Bringer Assets/Simplistic Low Poly Nature/Prefabs/SNature_Sapling.prefab
  artifactKey: Guid(6b14d45548d47914088fc51496a20a8e) Importer(815301076,1909f56bfc062723c751e8b465ee728b)
Start importing Assets/Acorn Bringer Assets/Simplistic Low Poly Nature/Prefabs/SNature_Sapling.prefab using Guid(6b14d45548d47914088fc51496a20a8e) Importer(815301076,1909f56bfc062723c751e8b465ee728b)  -> (artifact id: '730b12f12107fd6aacddf9dd415a38d4') in 0.021087 seconds 
========================================================================
Received Import Request.
  Time since last request: 0.000028 seconds.
  path: Assets/Acorn Bringer Assets/Simplistic Low Poly Nature/Prefabs/SNature_Rock1.prefab
  artifactKey: Guid(e86571f2f1251004b98a744302eca0b1) Importer(815301076,1909f56bfc062723c751e8b465ee728b)
Start importing Assets/Acorn Bringer Assets/Simplistic Low Poly Nature/Prefabs/SNature_Rock1.prefab using Guid(e86571f2f1251004b98a744302eca0b1) Importer(815301076,1909f56bfc062723c751e8b465ee728b)  -> (artifact id: '883272dd9ae1dd8aede4b844d09b8a26') in 0.019968 seconds 
========================================================================
Received Import Request.
  Time since last request: 0.000073 seconds.
  path: Assets/Acorn Bringer Assets/Simplistic Low Poly Nature/Prefabs/SNature_Grass.prefab
  artifactKey: Guid(065211b13cf2c0b45a7ad739ba6e8cc2) Importer(815301076,1909f56bfc062723c751e8b465ee728b)
Start importing Assets/Acorn Bringer Assets/Simplistic Low Poly Nature/Prefabs/SNature_Grass.prefab using Guid(065211b13cf2c0b45a7ad739ba6e8cc2) Importer(815301076,1909f56bfc062723c751e8b465ee728b)  -> (artifact id: 'd5ee5057ef4013cfcafb5a903af1c592') in 0.017022 seconds 
========================================================================
Received Import Request.
  Time since last request: 0.000045 seconds.
  path: Assets/Acorn Bringer Assets/Simplistic Low Poly Nature/Prefabs/SNature_WaterSkipper.prefab
  artifactKey: Guid(02defc480a8cb6149bac21f1e89e943d) Importer(815301076,1909f56bfc062723c751e8b465ee728b)
Start importing Assets/Acorn Bringer Assets/Simplistic Low Poly Nature/Prefabs/SNature_WaterSkipper.prefab using Guid(02defc480a8cb6149bac21f1e89e943d) Importer(815301076,1909f56bfc062723c751e8b465ee728b)  -> (artifact id: '770ff36f68abe4452b3707ca86d4ee9b') in 0.016250 seconds 
========================================================================
Received Prepare
Registering precompiled user dll's ...
Registered in 0.020672 seconds.
Begin MonoManager ReloadAssembly
Symbol file LoadedFromMemory doesn't match image C:\Users\rclar\OneDrive\ARCHIVE\Documents\fantasticalGame2.0\RebeccaSophie (1)\Library\PackageCache\com.unity.visualscripting@1.7.6\Editor\VisualScripting.Core\Dependencies\YamlDotNet\Unity.VisualScripting.YamlDotNet.dll
Symbol file LoadedFromMemory doesn't match image C:\Users\rclar\OneDrive\ARCHIVE\Documents\fantasticalGame2.0\RebeccaSophie (1)\Library\PackageCache\com.unity.visualscripting@1.7.6\Editor\VisualScripting.Core\Dependencies\DotNetZip\Unity.VisualScripting.IonicZip.dll
Native extension for WindowsStandalone target not found
Refreshing native plugins compatible for Editor in 0.65 ms, found 3 plugins.
Preloading 0 native plugins for Editor in 0.00 ms.
Mono: successfully reloaded assembly
- Completed reload, in  1.933 seconds
Domain Reload Profiling:
	ReloadAssembly (1935ms)
		BeginReloadAssembly (669ms)
			ExecutionOrderSort (0ms)
			DisableScriptedObjects (38ms)
			BackupInstance (0ms)
			ReleaseScriptingObjects (0ms)
			CreateAndSetChildDomain (356ms)
		EndReloadAssembly (1132ms)
			LoadAssemblies (211ms)
			RebuildTransferFunctionScriptingTraits (0ms)
			SetupTypeCache (335ms)
			ReleaseScriptCaches (1ms)
			RebuildScriptCaches (64ms)
			SetupLoadedEditorAssemblies (490ms)
				LogAssemblyErrors (0ms)
				InitializePlatformSupportModulesInManaged (21ms)
				SetLoadedEditorAssemblies (1ms)
				RefreshPlugins (1ms)
				BeforeProcessingInitializeOnLoad (89ms)
				ProcessInitializeOnLoadAttributes (338ms)
				ProcessInitializeOnLoadMethodAttributes (28ms)
				AfterProcessingInitializeOnLoad (12ms)
				EditorAssembliesLoaded (0ms)
			ExecutionOrderSort2 (0ms)
			AwakeInstancesAfterBackupRestoration (7ms)
Platform modules already initialized, skipping
Refreshing native plugins compatible for Editor in 3.68 ms, found 3 plugins.
Preloading 0 native plugins for Editor in 0.00 ms.
Unloading 3721 Unused Serialized files (Serialized files now loaded: 0)
Unloading 17 unused Assets / (95.4 KB). Loaded Objects now: 4230.
Memory consumption went from 151.9 MB to 151.8 MB.
Total: 6.710900 ms (FindLiveObjects: 0.312900 ms CreateObjectMapping: 0.104200 ms MarkObjects: 6.250100 ms  DeleteObjects: 0.041400 ms)

AssetImportParameters requested are different than current active one (requested -> active):
  custom:video-decoder-ogg-theora: a1e56fd34408186e4bbccfd4996cb3dc -> 
  custom:container-muxer-webm: aa71ff27fc2769a1b78a27578f13a17b -> 
  custom:container-demuxer-webm: 4f35f7cbe854078d1ac9338744f61a02 -> 
  custom:video-encoder-webm-vp8: eb34c28f22e8b96e1ab97ce403110664 -> 
  custom:video-codec-MediaFoundation-h265: 746d11721c4dcdbdad8f713fa42b33f4 -> 
  custom:audio-encoder-webm-vorbis: bf7c407c2cedff20999df2af8eb42d56 -> 
  custom:framework-win-MediaFoundation: 216162199b28c13a410421893ffa2e32 -> 
  custom:SearchIndexIgnoredProperties: e643bd26f0fe6173181afceb89e7c659 -> 
  custom:container-demuxer-ogg: 62fdf1f143b41e24485cea50d1cbac27 -> 
  custom:video-decoder-webm-vp8: 9c59270c3fd7afecdb556c50c9e8de78 -> 
  custom:audio-decoder-ogg-vorbis: bf7c407c2cedff20999df2af8eb42d56 -> 
========================================================================
Received Prepare
The file 'UserSettings/EditorUserSettings.asset' seems to have merge conflicts. Please open it in a text editor and fix the merge.
Trying to reload asset but can't find object on disk
Registering precompiled user dll's ...
Registered in 0.009785 seconds.
Begin MonoManager ReloadAssembly
Symbol file LoadedFromMemory doesn't match image C:\Users\rclar\OneDrive\ARCHIVE\Documents\fantasticalGame2.0\RebeccaSophie (1)\Library\PackageCache\com.unity.visualscripting@1.7.6\Editor\VisualScripting.Core\Dependencies\YamlDotNet\Unity.VisualScripting.YamlDotNet.dll
Symbol file LoadedFromMemory doesn't match image C:\Users\rclar\OneDrive\ARCHIVE\Documents\fantasticalGame2.0\RebeccaSophie (1)\Library\PackageCache\com.unity.visualscripting@1.7.6\Editor\VisualScripting.Core\Dependencies\DotNetZip\Unity.VisualScripting.IonicZip.dll
Native extension for WindowsStandalone target not found
Refreshing native plugins compatible for Editor in 0.66 ms, found 3 plugins.
Preloading 0 native plugins for Editor in 0.00 ms.
Mono: successfully reloaded assembly
- Completed reload, in  1.360 seconds
Domain Reload Profiling:
	ReloadAssembly (1361ms)
		BeginReloadAssembly (175ms)
			ExecutionOrderSort (0ms)
			DisableScriptedObjects (5ms)
			BackupInstance (0ms)
			ReleaseScriptingObjects (0ms)
			CreateAndSetChildDomain (41ms)
		EndReloadAssembly (1052ms)
			LoadAssemblies (125ms)
			RebuildTransferFunctionScriptingTraits (0ms)
			SetupTypeCache (322ms)
			ReleaseScriptCaches (2ms)
			RebuildScriptCaches (57ms)
			SetupLoadedEditorAssemblies (501ms)
				LogAssemblyErrors (0ms)
				InitializePlatformSupportModulesInManaged (14ms)
				SetLoadedEditorAssemblies (0ms)
				RefreshPlugins (1ms)
				BeforeProcessingInitializeOnLoad (94ms)
				ProcessInitializeOnLoadAttributes (340ms)
				ProcessInitializeOnLoadMethodAttributes (33ms)
				AfterProcessingInitializeOnLoad (18ms)
				EditorAssembliesLoaded (0ms)
			ExecutionOrderSort2 (0ms)
			AwakeInstancesAfterBackupRestoration (8ms)
Platform modules already initialized, skipping
Refreshing native plugins compatible for Editor in 4.18 ms, found 3 plugins.
Preloading 0 native plugins for Editor in 0.00 ms.
Unloading 3723 Unused Serialized files (Serialized files now loaded: 0)
Unloading 17 unused Assets / (95.4 KB). Loaded Objects now: 4246.
Memory consumption went from 152.1 MB to 152.0 MB.
Total: 3.825800 ms (FindLiveObjects: 0.523300 ms CreateObjectMapping: 0.105600 ms MarkObjects: 3.143000 ms  DeleteObjects: 0.052400 ms)

AssetImportParameters requested are different than current active one (requested -> active):
  custom:video-decoder-ogg-theora: a1e56fd34408186e4bbccfd4996cb3dc -> 
  custom:container-muxer-webm: aa71ff27fc2769a1b78a27578f13a17b -> 
  custom:container-demuxer-webm: 4f35f7cbe854078d1ac9338744f61a02 -> 
  custom:video-encoder-webm-vp8: eb34c28f22e8b96e1ab97ce403110664 -> 
  custom:video-codec-MediaFoundation-h265: 746d11721c4dcdbdad8f713fa42b33f4 -> 
  custom:audio-encoder-webm-vorbis: bf7c407c2cedff20999df2af8eb42d56 -> 
  custom:framework-win-MediaFoundation: 216162199b28c13a410421893ffa2e32 -> 
  custom:SearchIndexIgnoredProperties: e643bd26f0fe6173181afceb89e7c659 -> 
  custom:container-demuxer-ogg: 62fdf1f143b41e24485cea50d1cbac27 -> 
  custom:video-decoder-webm-vp8: 9c59270c3fd7afecdb556c50c9e8de78 -> 
  custom:audio-decoder-ogg-vorbis: bf7c407c2cedff20999df2af8eb42d56 -> 
========================================================================
Received Prepare
Trying to reload asset but can't find object on disk
Registering precompiled user dll's ...
Registered in 0.011391 seconds.
Begin MonoManager ReloadAssembly
Symbol file LoadedFromMemory doesn't match image C:\Users\rclar\OneDrive\ARCHIVE\Documents\fantasticalGame2.0\RebeccaSophie (1)\Library\PackageCache\com.unity.visualscripting@1.7.6\Editor\VisualScripting.Core\Dependencies\YamlDotNet\Unity.VisualScripting.YamlDotNet.dll
Symbol file LoadedFromMemory doesn't match image C:\Users\rclar\OneDrive\ARCHIVE\Documents\fantasticalGame2.0\RebeccaSophie (1)\Library\PackageCache\com.unity.visualscripting@1.7.6\Editor\VisualScripting.Core\Dependencies\DotNetZip\Unity.VisualScripting.IonicZip.dll
Native extension for WindowsStandalone target not found
Refreshing native plugins compatible for Editor in 1.76 ms, found 3 plugins.
Preloading 0 native plugins for Editor in 0.00 ms.
Mono: successfully reloaded assembly
- Completed reload, in  1.578 seconds
Domain Reload Profiling:
	ReloadAssembly (1579ms)
		BeginReloadAssembly (174ms)
			ExecutionOrderSort (0ms)
			DisableScriptedObjects (5ms)
			BackupInstance (0ms)
			ReleaseScriptingObjects (0ms)
			CreateAndSetChildDomain (42ms)
		EndReloadAssembly (1282ms)
			LoadAssemblies (127ms)
			RebuildTransferFunctionScriptingTraits (0ms)
			SetupTypeCache (377ms)
			ReleaseScriptCaches (2ms)
			RebuildScriptCaches (71ms)
			SetupLoadedEditorAssemblies (629ms)
				LogAssemblyErrors (0ms)
				InitializePlatformSupportModulesInManaged (25ms)
				SetLoadedEditorAssemblies (1ms)
				RefreshPlugins (2ms)
				BeforeProcessingInitializeOnLoad (104ms)
				ProcessInitializeOnLoadAttributes (439ms)
				ProcessInitializeOnLoadMethodAttributes (40ms)
				AfterProcessingInitializeOnLoad (17ms)
				EditorAssembliesLoaded (0ms)
			ExecutionOrderSort2 (0ms)
			AwakeInstancesAfterBackupRestoration (9ms)
Platform modules already initialized, skipping
Refreshing native plugins compatible for Editor in 4.65 ms, found 3 plugins.
Preloading 0 native plugins for Editor in 0.00 ms.
Unloading 3723 Unused Serialized files (Serialized files now loaded: 0)
Unloading 17 unused Assets / (95.3 KB). Loaded Objects now: 4260.
Memory consumption went from 152.1 MB to 152.0 MB.
Total: 5.038600 ms (FindLiveObjects: 0.388100 ms CreateObjectMapping: 0.311200 ms MarkObjects: 4.276100 ms  DeleteObjects: 0.060600 ms)

AssetImportParameters requested are different than current active one (requested -> active):
  custom:video-decoder-ogg-theora: a1e56fd34408186e4bbccfd4996cb3dc -> 
  custom:container-muxer-webm: aa71ff27fc2769a1b78a27578f13a17b -> 
  custom:container-demuxer-webm: 4f35f7cbe854078d1ac9338744f61a02 -> 
  custom:video-encoder-webm-vp8: eb34c28f22e8b96e1ab97ce403110664 -> 
  custom:video-codec-MediaFoundation-h265: 746d11721c4dcdbdad8f713fa42b33f4 -> 
  custom:audio-encoder-webm-vorbis: bf7c407c2cedff20999df2af8eb42d56 -> 
  custom:framework-win-MediaFoundation: 216162199b28c13a410421893ffa2e32 -> 
  custom:SearchIndexIgnoredProperties: e643bd26f0fe6173181afceb89e7c659 -> 
  custom:container-demuxer-ogg: 62fdf1f143b41e24485cea50d1cbac27 -> 
  custom:video-decoder-webm-vp8: 9c59270c3fd7afecdb556c50c9e8de78 -> 
  custom:audio-decoder-ogg-vorbis: bf7c407c2cedff20999df2af8eb42d56 -> 
========================================================================
Received Prepare
Trying to reload asset but can't find object on disk
Registering precompiled user dll's ...
Registered in 0.012540 seconds.
Begin MonoManager ReloadAssembly
Symbol file LoadedFromMemory doesn't match image C:\Users\rclar\OneDrive\ARCHIVE\Documents\fantasticalGame2.0\RebeccaSophie (1)\Library\PackageCache\com.unity.visualscripting@1.7.6\Editor\VisualScripting.Core\Dependencies\YamlDotNet\Unity.VisualScripting.YamlDotNet.dll
Symbol file LoadedFromMemory doesn't match image C:\Users\rclar\OneDrive\ARCHIVE\Documents\fantasticalGame2.0\RebeccaSophie (1)\Library\PackageCache\com.unity.visualscripting@1.7.6\Editor\VisualScripting.Core\Dependencies\DotNetZip\Unity.VisualScripting.IonicZip.dll
Native extension for WindowsStandalone target not found
Refreshing native plugins compatible for Editor in 1.43 ms, found 3 plugins.
Preloading 0 native plugins for Editor in 0.00 ms.
Mono: successfully reloaded assembly
- Completed reload, in  1.741 seconds
Domain Reload Profiling:
	ReloadAssembly (1742ms)
		BeginReloadAssembly (201ms)
			ExecutionOrderSort (0ms)
			DisableScriptedObjects (7ms)
			BackupInstance (0ms)
			ReleaseScriptingObjects (0ms)
			CreateAndSetChildDomain (48ms)
		EndReloadAssembly (1368ms)
			LoadAssemblies (156ms)
			RebuildTransferFunctionScriptingTraits (0ms)
			SetupTypeCache (439ms)
			ReleaseScriptCaches (2ms)
			RebuildScriptCaches (79ms)
			SetupLoadedEditorAssemblies (631ms)
				LogAssemblyErrors (0ms)
				InitializePlatformSupportModulesInManaged (23ms)
				SetLoadedEditorAssemblies (1ms)
				RefreshPlugins (2ms)
				BeforeProcessingInitializeOnLoad (103ms)
				ProcessInitializeOnLoadAttributes (440ms)
				ProcessInitializeOnLoadMethodAttributes (44ms)
				AfterProcessingInitializeOnLoad (18ms)
				EditorAssembliesLoaded (0ms)
			ExecutionOrderSort2 (0ms)
			AwakeInstancesAfterBackupRestoration (11ms)
Platform modules already initialized, skipping
Refreshing native plugins compatible for Editor in 4.93 ms, found 3 plugins.
Preloading 0 native plugins for Editor in 0.00 ms.
Unloading 3723 Unused Serialized files (Serialized files now loaded: 0)
Unloading 17 unused Assets / (95.4 KB). Loaded Objects now: 4274.
Memory consumption went from 152.1 MB to 152.0 MB.
Total: 4.920300 ms (FindLiveObjects: 0.346100 ms CreateObjectMapping: 0.125800 ms MarkObjects: 4.390100 ms  DeleteObjects: 0.056600 ms)

AssetImportParameters requested are different than current active one (requested -> active):
  custom:video-decoder-ogg-theora: a1e56fd34408186e4bbccfd4996cb3dc -> 
  custom:container-muxer-webm: aa71ff27fc2769a1b78a27578f13a17b -> 
  custom:container-demuxer-webm: 4f35f7cbe854078d1ac9338744f61a02 -> 
  custom:video-encoder-webm-vp8: eb34c28f22e8b96e1ab97ce403110664 -> 
  custom:video-codec-MediaFoundation-h265: 746d11721c4dcdbdad8f713fa42b33f4 -> 
  custom:audio-encoder-webm-vorbis: bf7c407c2cedff20999df2af8eb42d56 -> 
  custom:framework-win-MediaFoundation: 216162199b28c13a410421893ffa2e32 -> 
  custom:SearchIndexIgnoredProperties: e643bd26f0fe6173181afceb89e7c659 -> 
  custom:container-demuxer-ogg: 62fdf1f143b41e24485cea50d1cbac27 -> 
  custom:video-decoder-webm-vp8: 9c59270c3fd7afecdb556c50c9e8de78 -> 
  custom:audio-decoder-ogg-vorbis: bf7c407c2cedff20999df2af8eb42d56 -> 
