Using pre-set license
Built from '2021.2/staging' branch; Version is '2021.2.12f1 (48b1aa000234) revision 4764074'; Using compiler version '192829333'; Build Type 'Release'
OS: 'Windows 10  (10.0.19044) 64bit Core' Language: 'en' Physical Memory: 7869 MB
BatchMode: 1, IsHumanControllingUs: 0, StartBugReporterOnCrash: 0, Is64bit: 1, IsPro: 0

COMMAND LINE ARGUMENTS:
C:\Program Files\Unity\Hub\Editor\2021.2.12f1\Editor\Unity.exe
-adb2
-batchMode
-noUpm
-name
AssetImportWorker0
-projectPath
C:/Users/sophi/OneDrive/Documents/GitHub/fantasticalGame2.0/RebeccaSophie (1)
-logFile
Logs/AssetImportWorker0.log
-srvPort
55146
Successfully changed project path to: C:/Users/sophi/OneDrive/Documents/GitHub/fantasticalGame2.0/RebeccaSophie (1)
C:/Users/sophi/OneDrive/Documents/GitHub/fantasticalGame2.0/RebeccaSophie (1)
[UnityMemory] Configuration Parameters - Can be set up in boot.config
    "memorysetup-bucket-allocator-granularity=16"
    "memorysetup-bucket-allocator-bucket-count=8"
    "memorysetup-bucket-allocator-block-size=33554432"
    "memorysetup-bucket-allocator-block-count=8"
    "memorysetup-main-allocator-block-size=16777216"
    "memorysetup-thread-allocator-block-size=16777216"
    "memorysetup-gfx-main-allocator-block-size=16777216"
    "memorysetup-gfx-thread-allocator-block-size=16777216"
    "memorysetup-cache-allocator-block-size=4194304"
    "memorysetup-typetree-allocator-block-size=2097152"
    "memorysetup-profiler-bucket-allocator-granularity=16"
    "memorysetup-profiler-bucket-allocator-bucket-count=8"
    "memorysetup-profiler-bucket-allocator-block-size=33554432"
    "memorysetup-profiler-bucket-allocator-block-count=8"
    "memorysetup-profiler-allocator-block-size=16777216"
    "memorysetup-profiler-editor-allocator-block-size=1048576"
    "memorysetup-temp-allocator-size-main=16777216"
    "memorysetup-job-temp-allocator-block-size=2097152"
    "memorysetup-job-temp-allocator-block-size-background=1048576"
    "memorysetup-job-temp-allocator-reduction-small-platforms=262144"
    "memorysetup-temp-allocator-size-background-worker=32768"
    "memorysetup-temp-allocator-size-job-worker=262144"
    "memorysetup-temp-allocator-size-preload-manager=33554432"
    "memorysetup-temp-allocator-size-nav-mesh-worker=65536"
    "memorysetup-temp-allocator-size-audio-worker=65536"
    "memorysetup-temp-allocator-size-cloud-worker=32768"
    "memorysetup-temp-allocator-size-gi-baking-worker=262144"
    "memorysetup-temp-allocator-size-gfx=262144"
Refreshing native plugins compatible for Editor in 204.89 ms, found 3 plugins.
Preloading 0 native plugins for Editor in 0.00 ms.
Initialize engine version: 2021.2.12f1 (48b1aa000234)
[Subsystems] Discovering subsystems at path C:/Program Files/Unity/Hub/Editor/2021.2.12f1/Editor/Data/Resources/UnitySubsystems
[Subsystems] Discovering subsystems at path C:/Users/sophi/OneDrive/Documents/GitHub/fantasticalGame2.0/RebeccaSophie (1)/Assets
GfxDevice: creating device client; threaded=0; jobified=0
Direct3D:
    Version:  Direct3D 11.0 [level 11.1]
    Renderer: NVIDIA GeForce RTX 3060 Laptop GPU (ID=0x2520)
    Vendor:   NVIDIA
    VRAM:     6023 MB
    Driver:   30.0.14.9649
Initialize mono
Mono path[0] = 'C:/Program Files/Unity/Hub/Editor/2021.2.12f1/Editor/Data/Managed'
Mono path[1] = 'C:/Program Files/Unity/Hub/Editor/2021.2.12f1/Editor/Data/MonoBleedingEdge/lib/mono/unityjit-win32'
Mono config path = 'C:/Program Files/Unity/Hub/Editor/2021.2.12f1/Editor/Data/MonoBleedingEdge/etc'
Using monoOptions --debugger-agent=transport=dt_socket,embedding=1,server=y,suspend=n,address=127.0.0.1:56068
Begin MonoManager ReloadAssembly
Registering precompiled unity dll's ...
Register platform support module: C:/Program Files/Unity/Hub/Editor/2021.2.12f1/Editor/Data/PlaybackEngines/WindowsStandaloneSupport/UnityEditor.WindowsStandalone.Extensions.dll
Registered in 0.027775 seconds.
Native extension for WindowsStandalone target not found
Refreshing native plugins compatible for Editor in 211.41 ms, found 3 plugins.
Preloading 0 native plugins for Editor in 0.00 ms.
Mono: successfully reloaded assembly
- Completed reload, in  2.174 seconds
Domain Reload Profiling:
	ReloadAssembly (2176ms)
		BeginReloadAssembly (274ms)
			ExecutionOrderSort (0ms)
			DisableScriptedObjects (0ms)
			BackupInstance (0ms)
			ReleaseScriptingObjects (0ms)
			CreateAndSetChildDomain (1ms)
		EndReloadAssembly (1513ms)
			LoadAssemblies (270ms)
			RebuildTransferFunctionScriptingTraits (0ms)
			SetupTypeCache (328ms)
			ReleaseScriptCaches (0ms)
			RebuildScriptCaches (115ms)
			SetupLoadedEditorAssemblies (876ms)
				LogAssemblyErrors (0ms)
				InitializePlatformSupportModulesInManaged (23ms)
				SetLoadedEditorAssemblies (1ms)
				RefreshPlugins (212ms)
				BeforeProcessingInitializeOnLoad (5ms)
				ProcessInitializeOnLoadAttributes (493ms)
				ProcessInitializeOnLoadMethodAttributes (142ms)
				AfterProcessingInitializeOnLoad (0ms)
				EditorAssembliesLoaded (0ms)
			ExecutionOrderSort2 (0ms)
			AwakeInstancesAfterBackupRestoration (0ms)
Platform modules already initialized, skipping
Registering precompiled user dll's ...
Registered in 0.023988 seconds.
Begin MonoManager ReloadAssembly
Symbol file LoadedFromMemory doesn't match image C:\Users\sophi\OneDrive\Documents\GitHub\fantasticalGame2.0\RebeccaSophie (1)\Library\PackageCache\com.unity.visualscripting@1.7.6\Editor\VisualScripting.Core\Dependencies\YamlDotNet\Unity.VisualScripting.YamlDotNet.dll
Symbol file LoadedFromMemory doesn't match image C:\Users\sophi\OneDrive\Documents\GitHub\fantasticalGame2.0\RebeccaSophie (1)\Library\PackageCache\com.unity.visualscripting@1.7.6\Editor\VisualScripting.Core\Dependencies\DotNetZip\Unity.VisualScripting.IonicZip.dll
Native extension for WindowsStandalone target not found
Refreshing native plugins compatible for Editor in 1.24 ms, found 3 plugins.
Preloading 0 native plugins for Editor in 0.00 ms.
Mono: successfully reloaded assembly
- Completed reload, in  3.389 seconds
Domain Reload Profiling:
	ReloadAssembly (3393ms)
		BeginReloadAssembly (341ms)
			ExecutionOrderSort (0ms)
			DisableScriptedObjects (22ms)
			BackupInstance (0ms)
			ReleaseScriptingObjects (0ms)
			CreateAndSetChildDomain (51ms)
		EndReloadAssembly (2644ms)
			LoadAssemblies (241ms)
			RebuildTransferFunctionScriptingTraits (0ms)
			SetupTypeCache (894ms)
			ReleaseScriptCaches (2ms)
			RebuildScriptCaches (176ms)
			SetupLoadedEditorAssemblies (1137ms)
				LogAssemblyErrors (0ms)
				InitializePlatformSupportModulesInManaged (20ms)
				SetLoadedEditorAssemblies (2ms)
				RefreshPlugins (1ms)
				BeforeProcessingInitializeOnLoad (266ms)
				ProcessInitializeOnLoadAttributes (718ms)
				ProcessInitializeOnLoadMethodAttributes (83ms)
				AfterProcessingInitializeOnLoad (47ms)
				EditorAssembliesLoaded (1ms)
			ExecutionOrderSort2 (0ms)
			AwakeInstancesAfterBackupRestoration (25ms)
Platform modules already initialized, skipping
========================================================================
Worker process is ready to serve import requests
Launched and connected shader compiler UnityShaderCompiler.exe after 0.12 seconds
Refreshing native plugins compatible for Editor in 0.82 ms, found 3 plugins.
Preloading 0 native plugins for Editor in 0.00 ms.
Unloading 3216 Unused Serialized files (Serialized files now loaded: 0)
Unloading 21 unused Assets / (55.6 KB). Loaded Objects now: 3677.
Memory consumption went from 112.7 MB to 112.7 MB.
Total: 3.362300 ms (FindLiveObjects: 0.306200 ms CreateObjectMapping: 0.124900 ms MarkObjects: 2.848900 ms  DeleteObjects: 0.080900 ms)

AssetImportParameters requested are different than current active one (requested -> active):
  custom:video-decoder-ogg-theora: a1e56fd34408186e4bbccfd4996cb3dc -> 
  custom:container-muxer-webm: aa71ff27fc2769a1b78a27578f13a17b -> 
  custom:container-demuxer-webm: 4f35f7cbe854078d1ac9338744f61a02 -> 
  custom:video-encoder-webm-vp8: eb34c28f22e8b96e1ab97ce403110664 -> 
  custom:video-codec-MediaFoundation-h265: 746d11721c4dcdbdad8f713fa42b33f4 -> 
  custom:audio-encoder-webm-vorbis: bf7c407c2cedff20999df2af8eb42d56 -> 
  custom:framework-win-MediaFoundation: 216162199b28c13a410421893ffa2e32 -> 
  custom:container-demuxer-ogg: 62fdf1f143b41e24485cea50d1cbac27 -> 
  custom:video-decoder-webm-vp8: 9c59270c3fd7afecdb556c50c9e8de78 -> 
  custom:audio-decoder-ogg-vorbis: bf7c407c2cedff20999df2af8eb42d56 -> 
========================================================================
Received Import Request.
  Time since last request: 606997.486038 seconds.
  path: Assets
  artifactKey: Guid(00000000000000001000000000000000) Importer(815301076,1909f56bfc062723c751e8b465ee728b)
Start importing Assets using Guid(00000000000000001000000000000000) Importer(815301076,1909f56bfc062723c751e8b465ee728b)  -> (artifact id: '79842766b460edbeab6a34051e857a80') in 0.023247 seconds 
========================================================================
Received Import Request.
  Time since last request: 8.426927 seconds.
  path: Assets/Sprites
  artifactKey: Guid(84e2f8e603287eb45823b8f0f3aef703) Importer(815301076,1909f56bfc062723c751e8b465ee728b)
Start importing Assets/Sprites using Guid(84e2f8e603287eb45823b8f0f3aef703) Importer(815301076,1909f56bfc062723c751e8b465ee728b)  -> (artifact id: '7f8407549c357f5700d0c3b8ca9c8a1a') in 0.017657 seconds 
========================================================================
Received Import Request.
  Time since last request: 14.836746 seconds.
  path: Assets/Materials
  artifactKey: Guid(9f336653a8c4af0489402569c50d6ffa) Importer(815301076,1909f56bfc062723c751e8b465ee728b)
Start importing Assets/Materials using Guid(9f336653a8c4af0489402569c50d6ffa) Importer(815301076,1909f56bfc062723c751e8b465ee728b)  -> (artifact id: 'c9b92bfa13e12c9be8d72b82df403b78') in 0.019874 seconds 
========================================================================
Received Import Request.
  Time since last request: 13.481043 seconds.
  path: Assets/Prefabs
  artifactKey: Guid(6eac8920b0096ad4b948afbe5167ae75) Importer(815301076,1909f56bfc062723c751e8b465ee728b)
Start importing Assets/Prefabs using Guid(6eac8920b0096ad4b948afbe5167ae75) Importer(815301076,1909f56bfc062723c751e8b465ee728b)  -> (artifact id: 'd8ff20c984cfe9ad070ba9da12d61dee') in 0.021733 seconds 
========================================================================
Received Import Request.
  Time since last request: 202.087258 seconds.
  path: Packages/com.unity.test-framework
  artifactKey: Guid(6023f2b823fc19b4e4a90875281ff117) Importer(815301076,1909f56bfc062723c751e8b465ee728b)
Start importing Packages/com.unity.test-framework using Guid(6023f2b823fc19b4e4a90875281ff117) Importer(815301076,1909f56bfc062723c751e8b465ee728b)  -> (artifact id: 'd7fa3eaee75c74043be1adbf12269771') in 0.028475 seconds 
========================================================================
Received Import Request.
  Time since last request: 0.016880 seconds.
  path: Packages/com.unity.test-framework/package.json
  artifactKey: Guid(d6a2e6e4803de7b43baacdc355fc144d) Importer(815301076,1909f56bfc062723c751e8b465ee728b)
Start importing Packages/com.unity.test-framework/package.json using Guid(d6a2e6e4803de7b43baacdc355fc144d) Importer(815301076,1909f56bfc062723c751e8b465ee728b)  -> (artifact id: '094151556ee109ba1c7732a77f343d66') in 0.140183 seconds 
========================================================================
Received Import Request.
  Time since last request: 8.034526 seconds.
  path: Assets/Acorn Bringer Assets
  artifactKey: Guid(f0000a04090e51347ba8225359224142) Importer(815301076,1909f56bfc062723c751e8b465ee728b)
Start importing Assets/Acorn Bringer Assets using Guid(f0000a04090e51347ba8225359224142) Importer(815301076,1909f56bfc062723c751e8b465ee728b)  -> (artifact id: '3634f8ab8bbd7311647ee7c413e759eb') in 0.016874 seconds 
========================================================================
Received Import Request.
  Time since last request: 0.678713 seconds.
  path: Assets/Acorn Bringer Assets/Simplistic Low Poly Nature
  artifactKey: Guid(7a826b0adbb94d346a90af51cbbbd074) Importer(815301076,1909f56bfc062723c751e8b465ee728b)
Start importing Assets/Acorn Bringer Assets/Simplistic Low Poly Nature using Guid(7a826b0adbb94d346a90af51cbbbd074) Importer(815301076,1909f56bfc062723c751e8b465ee728b)  -> (artifact id: 'aea198fc55d317e7170b4cb6a9f06c71') in 0.021069 seconds 
========================================================================
Received Import Request.
  Time since last request: 4.082729 seconds.
  path: Assets/Acorn Bringer Assets/Simplistic Low Poly Nature/Textures
  artifactKey: Guid(ca96bf15993200344ada60fb72ea2f72) Importer(815301076,1909f56bfc062723c751e8b465ee728b)
Start importing Assets/Acorn Bringer Assets/Simplistic Low Poly Nature/Textures using Guid(ca96bf15993200344ada60fb72ea2f72) Importer(815301076,1909f56bfc062723c751e8b465ee728b)  -> (artifact id: '248702784ae501f2ad5097222135806c') in 0.024942 seconds 
========================================================================
Received Import Request.
  Time since last request: 0.000065 seconds.
  path: Assets/Acorn Bringer Assets/Simplistic Low Poly Nature/Textures/Simplistic_Nature_Texture.png
  artifactKey: Guid(9719edb8f714d894ba73fd10fd4ab243) Importer(815301076,1909f56bfc062723c751e8b465ee728b)
Start importing Assets/Acorn Bringer Assets/Simplistic Low Poly Nature/Textures/Simplistic_Nature_Texture.png using Guid(9719edb8f714d894ba73fd10fd4ab243) Importer(815301076,1909f56bfc062723c751e8b465ee728b)  -> (artifact id: 'bea72b4fe965a516c03f1c65da0871e2') in 0.297788 seconds 
========================================================================
Received Import Request.
  Time since last request: 2.314768 seconds.
  path: Assets/Acorn Bringer Assets/Simplistic Low Poly Nature/Prefabs/SCharacter_Bird1.prefab
  artifactKey: Guid(22e82e37709fde34fb65a2fd28fbfb05) Importer(815301076,1909f56bfc062723c751e8b465ee728b)
Start importing Assets/Acorn Bringer Assets/Simplistic Low Poly Nature/Prefabs/SCharacter_Bird1.prefab using Guid(22e82e37709fde34fb65a2fd28fbfb05) Importer(815301076,1909f56bfc062723c751e8b465ee728b)  -> (artifact id: 'b7ca3311bfa7e083cd67a9da6f537b58') in 0.235868 seconds 
========================================================================
Received Import Request.
  Time since last request: 0.000047 seconds.
  path: Assets/Acorn Bringer Assets/Simplistic Low Poly Nature/Prefabs/SCharacter_Turtle.prefab
  artifactKey: Guid(d2d67fda15fa26342932fffde03aeb05) Importer(815301076,1909f56bfc062723c751e8b465ee728b)
Start importing Assets/Acorn Bringer Assets/Simplistic Low Poly Nature/Prefabs/SCharacter_Turtle.prefab using Guid(d2d67fda15fa26342932fffde03aeb05) Importer(815301076,1909f56bfc062723c751e8b465ee728b)  -> (artifact id: 'e28799473e7ef08aa4a16deeaef6b789') in 0.037782 seconds 
========================================================================
Received Import Request.
  Time since last request: 0.000045 seconds.
  path: Assets/Acorn Bringer Assets/Simplistic Low Poly Nature/Prefabs/SNature_LiliPad.prefab
  artifactKey: Guid(c9bb692f8b5490743a59d75a7995b81c) Importer(815301076,1909f56bfc062723c751e8b465ee728b)
Start importing Assets/Acorn Bringer Assets/Simplistic Low Poly Nature/Prefabs/SNature_LiliPad.prefab using Guid(c9bb692f8b5490743a59d75a7995b81c) Importer(815301076,1909f56bfc062723c751e8b465ee728b)  -> (artifact id: '7af774c165b3ba0ae6a1559034b559c0') in 0.605644 seconds 
========================================================================
Received Import Request.
  Time since last request: 0.000046 seconds.
  path: Assets/Acorn Bringer Assets/Simplistic Low Poly Nature/Prefabs/SCharacter_Butterfly.prefab
  artifactKey: Guid(18b8af6b3106d4940a5e534dc18c0344) Importer(815301076,1909f56bfc062723c751e8b465ee728b)
Start importing Assets/Acorn Bringer Assets/Simplistic Low Poly Nature/Prefabs/SCharacter_Butterfly.prefab using Guid(18b8af6b3106d4940a5e534dc18c0344) Importer(815301076,1909f56bfc062723c751e8b465ee728b)  -> (artifact id: 'c8aaea0e0270b07da81e7864a256a214') in 0.045870 seconds 
========================================================================
Received Import Request.
  Time since last request: 0.000043 seconds.
  path: Assets/Acorn Bringer Assets/Simplistic Low Poly Nature/Prefabs/SNature_MushroomShelf.prefab
  artifactKey: Guid(08149d62d2ddb9e4293bf2bad1d446fc) Importer(815301076,1909f56bfc062723c751e8b465ee728b)
Start importing Assets/Acorn Bringer Assets/Simplistic Low Poly Nature/Prefabs/SNature_MushroomShelf.prefab using Guid(08149d62d2ddb9e4293bf2bad1d446fc) Importer(815301076,1909f56bfc062723c751e8b465ee728b)  -> (artifact id: 'b1e24da17569c7ff8b4f950a5506a750') in 0.052406 seconds 
========================================================================
Received Import Request.
  Time since last request: 0.000026 seconds.
  path: Assets/Acorn Bringer Assets/Simplistic Low Poly Nature/Prefabs/SNature_MossRocks2.prefab
  artifactKey: Guid(68e8c0f1e23f3f74781154a91fcce3aa) Importer(815301076,1909f56bfc062723c751e8b465ee728b)
Start importing Assets/Acorn Bringer Assets/Simplistic Low Poly Nature/Prefabs/SNature_MossRocks2.prefab using Guid(68e8c0f1e23f3f74781154a91fcce3aa) Importer(815301076,1909f56bfc062723c751e8b465ee728b)  -> (artifact id: '2d3ac914e9f2208226b368dff15c37b7') in 0.051967 seconds 
========================================================================
Received Import Request.
  Time since last request: 0.000032 seconds.
  path: Assets/Acorn Bringer Assets/Simplistic Low Poly Nature/Prefabs/SNature_Feather.prefab
  artifactKey: Guid(4df1317252ba49e428648a61c57ab69b) Importer(815301076,1909f56bfc062723c751e8b465ee728b)
Start importing Assets/Acorn Bringer Assets/Simplistic Low Poly Nature/Prefabs/SNature_Feather.prefab using Guid(4df1317252ba49e428648a61c57ab69b) Importer(815301076,1909f56bfc062723c751e8b465ee728b)  -> (artifact id: 'dae814bf9b3c57a602626e53d8b96c68') in 0.044336 seconds 
========================================================================
Received Import Request.
  Time since last request: 0.000039 seconds.
  path: Assets/Acorn Bringer Assets/Simplistic Low Poly Nature/Prefabs/SNature_Rock2.prefab
  artifactKey: Guid(571fddfa4a0c30543815e196fbf20d4b) Importer(815301076,1909f56bfc062723c751e8b465ee728b)
Start importing Assets/Acorn Bringer Assets/Simplistic Low Poly Nature/Prefabs/SNature_Rock2.prefab using Guid(571fddfa4a0c30543815e196fbf20d4b) Importer(815301076,1909f56bfc062723c751e8b465ee728b)  -> (artifact id: '02c327525d85bae6315bb48bc2b15c90') in 0.046823 seconds 
========================================================================
Received Import Request.
  Time since last request: 0.000270 seconds.
  path: Assets/Acorn Bringer Assets/Simplistic Low Poly Nature/Prefabs/SNature_CupedLiliPad.prefab
  artifactKey: Guid(6509fae381cd4c948b676c8e4f384984) Importer(815301076,1909f56bfc062723c751e8b465ee728b)
Start importing Assets/Acorn Bringer Assets/Simplistic Low Poly Nature/Prefabs/SNature_CupedLiliPad.prefab using Guid(6509fae381cd4c948b676c8e4f384984) Importer(815301076,1909f56bfc062723c751e8b465ee728b)  -> (artifact id: 'd0edf99ad5b7058d92d16ee909ecaac1') in 0.050519 seconds 
========================================================================
Received Import Request.
  Time since last request: 0.000040 seconds.
  path: Assets/Acorn Bringer Assets/Simplistic Low Poly Nature/Prefabs/SNature_Mushroom.prefab
  artifactKey: Guid(c72f3f8a9daab2442b7dd148c087d333) Importer(815301076,1909f56bfc062723c751e8b465ee728b)
Start importing Assets/Acorn Bringer Assets/Simplistic Low Poly Nature/Prefabs/SNature_Mushroom.prefab using Guid(c72f3f8a9daab2442b7dd148c087d333) Importer(815301076,1909f56bfc062723c751e8b465ee728b)  -> (artifact id: 'd2e2805ea3ac484daaaaf0ce259bd942') in 0.041582 seconds 
========================================================================
Received Import Request.
  Time since last request: 0.000030 seconds.
  path: Assets/Acorn Bringer Assets/Simplistic Low Poly Nature/Prefabs/SNature_Grass.prefab
  artifactKey: Guid(065211b13cf2c0b45a7ad739ba6e8cc2) Importer(815301076,1909f56bfc062723c751e8b465ee728b)
Start importing Assets/Acorn Bringer Assets/Simplistic Low Poly Nature/Prefabs/SNature_Grass.prefab using Guid(065211b13cf2c0b45a7ad739ba6e8cc2) Importer(815301076,1909f56bfc062723c751e8b465ee728b)  -> (artifact id: '2ddecfcdb19809a4d17476ededc438d2') in 0.054830 seconds 
========================================================================
Received Import Request.
  Time since last request: 0.000034 seconds.
  path: Assets/Acorn Bringer Assets/Simplistic Low Poly Nature/Prefabs/SNature_WaterSkipper.prefab
  artifactKey: Guid(02defc480a8cb6149bac21f1e89e943d) Importer(815301076,1909f56bfc062723c751e8b465ee728b)
Start importing Assets/Acorn Bringer Assets/Simplistic Low Poly Nature/Prefabs/SNature_WaterSkipper.prefab using Guid(02defc480a8cb6149bac21f1e89e943d) Importer(815301076,1909f56bfc062723c751e8b465ee728b)  -> (artifact id: 'd9c41e1ec8a22a7ff20fd417df5f716d') in 0.043846 seconds 
========================================================================
Received Import Request.
  Time since last request: 0.000040 seconds.
  path: Assets/Acorn Bringer Assets/Simplistic Low Poly Nature/Prefabs/SNature_Stick.prefab
  artifactKey: Guid(be267edc7fa1b284ca7ab194ee3d831e) Importer(815301076,1909f56bfc062723c751e8b465ee728b)
Start importing Assets/Acorn Bringer Assets/Simplistic Low Poly Nature/Prefabs/SNature_Stick.prefab using Guid(be267edc7fa1b284ca7ab194ee3d831e) Importer(815301076,1909f56bfc062723c751e8b465ee728b)  -> (artifact id: '343bb009a2c930a3f5198319c0f5ed96') in 0.046460 seconds 
========================================================================
Received Import Request.
  Time since last request: 0.000037 seconds.
  path: Assets/Acorn Bringer Assets/Simplistic Low Poly Nature/Prefabs/SNature_Sapling.prefab
  artifactKey: Guid(6b14d45548d47914088fc51496a20a8e) Importer(815301076,1909f56bfc062723c751e8b465ee728b)
Start importing Assets/Acorn Bringer Assets/Simplistic Low Poly Nature/Prefabs/SNature_Sapling.prefab using Guid(6b14d45548d47914088fc51496a20a8e) Importer(815301076,1909f56bfc062723c751e8b465ee728b)  -> (artifact id: '0589b0a1eb1d3d46b58eec54fd81cffd') in 0.048283 seconds 
========================================================================
Received Import Request.
  Time since last request: 2.847142 seconds.
  path: Assets/Acorn Bringer Assets/Simplistic Low Poly Nature/Meshes/SCharacter_Bird1.fbx
  artifactKey: Guid(175febab25a133545bb941cb948a5bf3) Importer(815301076,1909f56bfc062723c751e8b465ee728b)
Start importing Assets/Acorn Bringer Assets/Simplistic Low Poly Nature/Meshes/SCharacter_Bird1.fbx using Guid(175febab25a133545bb941cb948a5bf3) Importer(815301076,1909f56bfc062723c751e8b465ee728b)  -> (artifact id: 'b3bb676f2979b0834d249b997c15fadd') in 0.387840 seconds 
========================================================================
Received Import Request.
  Time since last request: 0.000039 seconds.
  path: Assets/Acorn Bringer Assets/Simplistic Low Poly Nature/Meshes/SNature_Rock1.fbx
  artifactKey: Guid(6bed97e2c18df9e4baac2a95b3d34c83) Importer(815301076,1909f56bfc062723c751e8b465ee728b)
Start importing Assets/Acorn Bringer Assets/Simplistic Low Poly Nature/Meshes/SNature_Rock1.fbx using Guid(6bed97e2c18df9e4baac2a95b3d34c83) Importer(815301076,1909f56bfc062723c751e8b465ee728b)  -> (artifact id: '26aa1563157828153338d43c7bbe7597') in 0.047001 seconds 
========================================================================
Received Import Request.
  Time since last request: 0.000044 seconds.
  path: Assets/Acorn Bringer Assets/Simplistic Low Poly Nature/Meshes/SNature_LiliBlossom.fbx
  artifactKey: Guid(d7f8620520fd6ee48a4b15508478f20d) Importer(815301076,1909f56bfc062723c751e8b465ee728b)
Start importing Assets/Acorn Bringer Assets/Simplistic Low Poly Nature/Meshes/SNature_LiliBlossom.fbx using Guid(d7f8620520fd6ee48a4b15508478f20d) Importer(815301076,1909f56bfc062723c751e8b465ee728b)  -> (artifact id: '87a8fabbe452e8125f3144042c7a1a73') in 0.052510 seconds 
========================================================================
Received Import Request.
  Time since last request: 0.000042 seconds.
  path: Assets/Acorn Bringer Assets/Simplistic Low Poly Nature/Meshes/SNature_Sapling.fbx
  artifactKey: Guid(1d1d0cda0df6701408ad5bd34aeb10bf) Importer(815301076,1909f56bfc062723c751e8b465ee728b)
Start importing Assets/Acorn Bringer Assets/Simplistic Low Poly Nature/Meshes/SNature_Sapling.fbx using Guid(1d1d0cda0df6701408ad5bd34aeb10bf) Importer(815301076,1909f56bfc062723c751e8b465ee728b)  -> (artifact id: '7ad4955aff9a40829b97a8d4817db718') in 0.045946 seconds 
========================================================================
Received Import Request.
  Time since last request: 0.000032 seconds.
  path: Assets/Acorn Bringer Assets/Simplistic Low Poly Nature/Meshes/SNature_MushroomShelf.fbx
  artifactKey: Guid(8ef29a0a52483e345b87390d79ebcb15) Importer(815301076,1909f56bfc062723c751e8b465ee728b)
Start importing Assets/Acorn Bringer Assets/Simplistic Low Poly Nature/Meshes/SNature_MushroomShelf.fbx using Guid(8ef29a0a52483e345b87390d79ebcb15) Importer(815301076,1909f56bfc062723c751e8b465ee728b)  -> (artifact id: 'a58b585f4629175f4d8da1bd6cc4b45c') in 0.043656 seconds 
========================================================================
Received Import Request.
  Time since last request: 0.000026 seconds.
  path: Assets/Acorn Bringer Assets/Simplistic Low Poly Nature/Meshes/SNature_WaterSkipper.fbx
  artifactKey: Guid(550a4ecc8ef3569498cd036079166149) Importer(815301076,1909f56bfc062723c751e8b465ee728b)
Start importing Assets/Acorn Bringer Assets/Simplistic Low Poly Nature/Meshes/SNature_WaterSkipper.fbx using Guid(550a4ecc8ef3569498cd036079166149) Importer(815301076,1909f56bfc062723c751e8b465ee728b)  -> (artifact id: '7d6fa44a35a56e309f8adc3afb2a773f') in 0.050428 seconds 
========================================================================
Received Import Request.
  Time since last request: 0.000064 seconds.
  path: Assets/Acorn Bringer Assets/Simplistic Low Poly Nature/Meshes/SNature_Rock2.fbx
  artifactKey: Guid(6b717b9714264374b91094e366e3f0d0) Importer(815301076,1909f56bfc062723c751e8b465ee728b)
Start importing Assets/Acorn Bringer Assets/Simplistic Low Poly Nature/Meshes/SNature_Rock2.fbx using Guid(6b717b9714264374b91094e366e3f0d0) Importer(815301076,1909f56bfc062723c751e8b465ee728b)  -> (artifact id: '74852451950645009d2a2ba17b6bbe60') in 0.061250 seconds 
========================================================================
Received Import Request.
  Time since last request: 0.000033 seconds.
  path: Assets/Acorn Bringer Assets/Simplistic Low Poly Nature/Meshes/SNature_Feather.fbx
  artifactKey: Guid(d152fbd46e97942458c57951d5730dec) Importer(815301076,1909f56bfc062723c751e8b465ee728b)
Start importing Assets/Acorn Bringer Assets/Simplistic Low Poly Nature/Meshes/SNature_Feather.fbx using Guid(d152fbd46e97942458c57951d5730dec) Importer(815301076,1909f56bfc062723c751e8b465ee728b)  -> (artifact id: '824262e91433828a2deb34c3c6278dd6') in 0.046664 seconds 
========================================================================
Received Import Request.
  Time since last request: 0.000027 seconds.
  path: Assets/Acorn Bringer Assets/Simplistic Low Poly Nature/Meshes/SNature_Moss.fbx
  artifactKey: Guid(ba687a10e97cdc740b06d5e2d00ee983) Importer(815301076,1909f56bfc062723c751e8b465ee728b)
Start importing Assets/Acorn Bringer Assets/Simplistic Low Poly Nature/Meshes/SNature_Moss.fbx using Guid(ba687a10e97cdc740b06d5e2d00ee983) Importer(815301076,1909f56bfc062723c751e8b465ee728b)  -> (artifact id: 'f67711f11b940bad6cc86a18017ceadf') in 0.047352 seconds 
========================================================================
Received Import Request.
  Time since last request: 0.000033 seconds.
  path: Assets/Acorn Bringer Assets/Simplistic Low Poly Nature/Meshes/SNature_LiliPad.fbx
  artifactKey: Guid(5c2114581c943b04089fac62f6805630) Importer(815301076,1909f56bfc062723c751e8b465ee728b)
Start importing Assets/Acorn Bringer Assets/Simplistic Low Poly Nature/Meshes/SNature_LiliPad.fbx using Guid(5c2114581c943b04089fac62f6805630) Importer(815301076,1909f56bfc062723c751e8b465ee728b)  -> (artifact id: '58901254e2534d3a509439f08ba472f2') in 0.043444 seconds 
========================================================================
Received Import Request.
  Time since last request: 0.000171 seconds.
  path: Assets/Acorn Bringer Assets/Simplistic Low Poly Nature/Meshes/SNature_StickBlack.fbx
  artifactKey: Guid(968afc27d0ba5874e817715920fec877) Importer(815301076,1909f56bfc062723c751e8b465ee728b)
Start importing Assets/Acorn Bringer Assets/Simplistic Low Poly Nature/Meshes/SNature_StickBlack.fbx using Guid(968afc27d0ba5874e817715920fec877) Importer(815301076,1909f56bfc062723c751e8b465ee728b)  -> (artifact id: '70a7291cb14bb7add527dcaa491ae746') in 0.046337 seconds 
========================================================================
Received Import Request.
  Time since last request: 0.000035 seconds.
  path: Assets/Acorn Bringer Assets/Simplistic Low Poly Nature/Meshes/SNature_MossRocks1.fbx
  artifactKey: Guid(e875f5a6ac7c1b24bb9e5195eb81c6d3) Importer(815301076,1909f56bfc062723c751e8b465ee728b)
Start importing Assets/Acorn Bringer Assets/Simplistic Low Poly Nature/Meshes/SNature_MossRocks1.fbx using Guid(e875f5a6ac7c1b24bb9e5195eb81c6d3) Importer(815301076,1909f56bfc062723c751e8b465ee728b)  -> (artifact id: '91b37e106bc6e457ce34a475717c2dc7') in 0.046475 seconds 
========================================================================
Received Import Request.
  Time since last request: 0.000049 seconds.
  path: Assets/Acorn Bringer Assets/Simplistic Low Poly Nature/Meshes/SCharacter_Squirrel.fbx
  artifactKey: Guid(265ee6fac4cc17345b23403e90e2ba45) Importer(815301076,1909f56bfc062723c751e8b465ee728b)
Start importing Assets/Acorn Bringer Assets/Simplistic Low Poly Nature/Meshes/SCharacter_Squirrel.fbx using Guid(265ee6fac4cc17345b23403e90e2ba45) Importer(815301076,1909f56bfc062723c751e8b465ee728b)  -> (artifact id: '7b87774c9f7ee9d0b5dfdcf72be4d8ae') in 0.082545 seconds 
========================================================================
Received Import Request.
  Time since last request: 2.319212 seconds.
  path: Assets/Acorn Bringer Assets/Simplistic Low Poly Nature/Materials/Simplistic_Nature_Material.mat
  artifactKey: Guid(79c2511799a05394eacdeda576d89295) Importer(815301076,1909f56bfc062723c751e8b465ee728b)
Start importing Assets/Acorn Bringer Assets/Simplistic Low Poly Nature/Materials/Simplistic_Nature_Material.mat using Guid(79c2511799a05394eacdeda576d89295) Importer(815301076,1909f56bfc062723c751e8b465ee728b)  -> (artifact id: 'fdb3b5d679e5c79a8e2a37495f2a9437') in 0.137423 seconds 
